Using pre-set license
Built from '2022.3/staging' branch; Version is '2022.3.25f1 (530ae0ba3889) revision 5442272'; Using compiler version '192829333'; Build Type 'Release'
OS: 'Windows 10  (10.0.19045) 64bit Core' Language: 'ko' Physical Memory: 16348 MB
BatchMode: 1, IsHumanControllingUs: 0, StartBugReporterOnCrash: 0, Is64bit: 1, IsPro: 1

COMMAND LINE ARGUMENTS:
C:\Program Files\Unity\Hub\Editor\2022.3.25f1\Editor\Unity.exe
-adb2
-batchMode
-noUpm
-name
AssetImportWorker0
-projectPath
C:/Users/COMZO/Documents/GitHub/UnityProject/LettarCompany
-logFile
Logs/AssetImportWorker0.log
-srvPort
62437
Successfully changed project path to: C:/Users/COMZO/Documents/GitHub/UnityProject/LettarCompany
C:/Users/COMZO/Documents/GitHub/UnityProject/LettarCompany
[UnityMemory] Configuration Parameters - Can be set up in boot.config
    "memorysetup-bucket-allocator-granularity=16"
    "memorysetup-bucket-allocator-bucket-count=8"
    "memorysetup-bucket-allocator-block-size=33554432"
    "memorysetup-bucket-allocator-block-count=8"
    "memorysetup-main-allocator-block-size=16777216"
    "memorysetup-thread-allocator-block-size=16777216"
    "memorysetup-gfx-main-allocator-block-size=16777216"
    "memorysetup-gfx-thread-allocator-block-size=16777216"
    "memorysetup-cache-allocator-block-size=4194304"
    "memorysetup-typetree-allocator-block-size=2097152"
    "memorysetup-profiler-bucket-allocator-granularity=16"
    "memorysetup-profiler-bucket-allocator-bucket-count=8"
    "memorysetup-profiler-bucket-allocator-block-size=33554432"
    "memorysetup-profiler-bucket-allocator-block-count=8"
    "memorysetup-profiler-allocator-block-size=16777216"
    "memorysetup-profiler-editor-allocator-block-size=1048576"
    "memorysetup-temp-allocator-size-main=16777216"
    "memorysetup-job-temp-allocator-block-size=2097152"
    "memorysetup-job-temp-allocator-block-size-background=1048576"
    "memorysetup-job-temp-allocator-reduction-small-platforms=262144"
    "memorysetup-allocator-temp-initial-block-size-main=262144"
    "memorysetup-allocator-temp-initial-block-size-worker=262144"
    "memorysetup-temp-allocator-size-background-worker=32768"
    "memorysetup-temp-allocator-size-job-worker=262144"
    "memorysetup-temp-allocator-size-preload-manager=33554432"
    "memorysetup-temp-allocator-size-nav-mesh-worker=65536"
    "memorysetup-temp-allocator-size-audio-worker=65536"
    "memorysetup-temp-allocator-size-cloud-worker=32768"
    "memorysetup-temp-allocator-size-gi-baking-worker=262144"
    "memorysetup-temp-allocator-size-gfx=262144"
Player connection [15776] Host "[IP] 192.168.0.165 [Port] 0 [Flags] 2 [Guid] 1588724836 [EditorId] 1588724836 [Version] 1048832 [Id] WindowsEditor(7,DESKTOP-IOLL2J5) [Debug] 1 [PackageName] WindowsEditor [ProjectName] Editor" joined multi-casting on [225.0.0.222:54997]...

Player connection [15776] Host "[IP] 192.168.0.165 [Port] 0 [Flags] 2 [Guid] 1588724836 [EditorId] 1588724836 [Version] 1048832 [Id] WindowsEditor(7,DESKTOP-IOLL2J5) [Debug] 1 [PackageName] WindowsEditor [ProjectName] Editor" joined alternative multi-casting on [225.0.0.222:34997]...

[Physics::Module] Initialized MultithreadedJobDispatcher with 3 workers.
Refreshing native plugins compatible for Editor in 14.44 ms, found 3 plugins.
Preloading 0 native plugins for Editor in 0.00 ms.
Initialize engine version: 2022.3.25f1 (530ae0ba3889)
[Subsystems] Discovering subsystems at path C:/Program Files/Unity/Hub/Editor/2022.3.25f1/Editor/Data/Resources/UnitySubsystems
[Subsystems] Discovering subsystems at path C:/Users/COMZO/Documents/GitHub/UnityProject/LettarCompany/Assets
GfxDevice: creating device client; threaded=0; jobified=0
Direct3D:
    Version:  Direct3D 11.0 [level 11.1]
    Renderer: NVIDIA GeForce GTX 960 (ID=0x1401)
    Vendor:   NVIDIA
    VRAM:     2002 MB
    Driver:   31.0.15.3623
Initialize mono
Mono path[0] = 'C:/Program Files/Unity/Hub/Editor/2022.3.25f1/Editor/Data/Managed'
Mono path[1] = 'C:/Program Files/Unity/Hub/Editor/2022.3.25f1/Editor/Data/MonoBleedingEdge/lib/mono/unityjit-win32'
Mono config path = 'C:/Program Files/Unity/Hub/Editor/2022.3.25f1/Editor/Data/MonoBleedingEdge/etc'
Using monoOptions --debugger-agent=transport=dt_socket,embedding=1,server=y,suspend=n,address=127.0.0.1:56680
Begin MonoManager ReloadAssembly
Registering precompiled unity dll's ...
Register platform support module: C:/Program Files/Unity/Hub/Editor/2022.3.25f1/Editor/Data/PlaybackEngines/AndroidPlayer/UnityEditor.Android.Extensions.dll
Register platform support module: C:/Program Files/Unity/Hub/Editor/2022.3.25f1/Editor/Data/PlaybackEngines/WindowsStandaloneSupport/UnityEditor.WindowsStandalone.Extensions.dll
Registered in 0.016904 seconds.
- Loaded All Assemblies, in  0.607 seconds
Native extension for WindowsStandalone target not found
Native extension for Android target not found
Android Extension - Scanning For ADB Devices 306 ms
Mono: successfully reloaded assembly
- Finished resetting the current domain, in  0.817 seconds
Domain Reload Profiling: 1421ms
	BeginReloadAssembly (178ms)
		ExecutionOrderSort (0ms)
		DisableScriptedObjects (0ms)
		BackupInstance (0ms)
		ReleaseScriptingObjects (0ms)
		CreateAndSetChildDomain (1ms)
	RebuildCommonClasses (57ms)
	RebuildNativeTypeToScriptingClass (18ms)
	initialDomainReloadingComplete (101ms)
	LoadAllAssembliesAndSetupDomain (249ms)
		LoadAssemblies (175ms)
		RebuildTransferFunctionScriptingTraits (0ms)
		AnalyzeDomain (245ms)
			TypeCache.Refresh (243ms)
				TypeCache.ScanAssembly (222ms)
			ScanForSourceGeneratedMonoScriptInfo (0ms)
			ResolveRequiredComponents (1ms)
	FinalizeReload (818ms)
		ReleaseScriptCaches (0ms)
		RebuildScriptCaches (0ms)
		SetupLoadedEditorAssemblies (721ms)
			LogAssemblyErrors (0ms)
			InitializePlatformSupportModulesInManaged (477ms)
			SetLoadedEditorAssemblies (5ms)
			RefreshPlugins (0ms)
			BeforeProcessingInitializeOnLoad (3ms)
			ProcessInitializeOnLoadAttributes (168ms)
			ProcessInitializeOnLoadMethodAttributes (67ms)
			AfterProcessingInitializeOnLoad (0ms)
			EditorAssembliesLoaded (0ms)
		ExecutionOrderSort2 (0ms)
		AwakeInstancesAfterBackupRestoration (0ms)
========================================================================
Worker process is ready to serve import requests
Begin MonoManager ReloadAssembly
- Loaded All Assemblies, in  0.869 seconds
Refreshing native plugins compatible for Editor in 4.60 ms, found 3 plugins.
Native extension for WindowsStandalone target not found
Native extension for Android target not found
Package Manager log level set to [2]
[Package Manager] Server::EnsureServerProcessIsRunning -- launch failed, reason: Unity was launched with the -noUpm command-line argument
[Package Manager] UpmClient::Send -- Unable to send message (not connected to UPM process).
[Package Manager] Cannot connect to Unity Package Manager local server
Mono: successfully reloaded assembly
- Finished resetting the current domain, in  0.816 seconds
Domain Reload Profiling: 1682ms
	BeginReloadAssembly (203ms)
		ExecutionOrderSort (0ms)
		DisableScriptedObjects (9ms)
		BackupInstance (0ms)
		ReleaseScriptingObjects (0ms)
		CreateAndSetChildDomain (27ms)
	RebuildCommonClasses (47ms)
	RebuildNativeTypeToScriptingClass (16ms)
	initialDomainReloadingComplete (61ms)
	LoadAllAssembliesAndSetupDomain (537ms)
		LoadAssemblies (388ms)
		RebuildTransferFunctionScriptingTraits (0ms)
		AnalyzeDomain (268ms)
			TypeCache.Refresh (239ms)
				TypeCache.ScanAssembly (218ms)
			ScanForSourceGeneratedMonoScriptInfo (19ms)
			ResolveRequiredComponents (9ms)
	FinalizeReload (817ms)
		ReleaseScriptCaches (0ms)
		RebuildScriptCaches (0ms)
		SetupLoadedEditorAssemblies (602ms)
			LogAssemblyErrors (0ms)
			InitializePlatformSupportModulesInManaged (35ms)
			SetLoadedEditorAssemblies (6ms)
			RefreshPlugins (0ms)
			BeforeProcessingInitializeOnLoad (84ms)
			ProcessInitializeOnLoadAttributes (434ms)
			ProcessInitializeOnLoadMethodAttributes (31ms)
			AfterProcessingInitializeOnLoad (11ms)
			EditorAssembliesLoaded (0ms)
		ExecutionOrderSort2 (0ms)
		AwakeInstancesAfterBackupRestoration (9ms)
Launched and connected shader compiler UnityShaderCompiler.exe after 0.05 seconds
Refreshing native plugins compatible for Editor in 4.29 ms, found 3 plugins.
Preloading 0 native plugins for Editor in 0.00 ms.
Unloading 3094 Unused Serialized files (Serialized files now loaded: 0)
Unloading 32 unused Assets / (57.0 KB). Loaded Objects now: 3558.
Memory consumption went from 126.1 MB to 126.1 MB.
Total: 4.070600 ms (FindLiveObjects: 0.297900 ms CreateObjectMapping: 0.176200 ms MarkObjects: 3.469100 ms  DeleteObjects: 0.125900 ms)

AssetImportParameters requested are different than current active one (requested -> active):
  custom:container-demuxer-ogg: 62fdf1f143b41e24485cea50d1cbac27 -> 
  custom:video-decoder-ogg-theora: a1e56fd34408186e4bbccfd4996cb3dc -> 
  custom:framework-win-MediaFoundation: 216162199b28c13a410421893ffa2e32 -> 
  custom:CustomObjectIndexerAttribute: 9a22284fe3817be447336de3de66b15e -> 
  custom:container-demuxer-webm: 4f35f7cbe854078d1ac9338744f61a02 -> 
  custom:container-muxer-webm: aa71ff27fc2769a1b78a27578f13a17b -> 
  custom:video-decoder-webm-vp8: 9c59270c3fd7afecdb556c50c9e8de78 -> 
  custom:SearchIndexIgnoredProperties: e643bd26f0fe6173181afceb89e7c659 -> 
  custom:AudioImporter_EditorPlatform: d09bf68614088b80899f8185d706f6e7 -> 
  custom:video-encoder-webm-vp8: eb34c28f22e8b96e1ab97ce403110664 -> 
  custom:audio-decoder-ogg-vorbis: bf7c407c2cedff20999df2af8eb42d56 -> 
  custom:audio-encoder-webm-vorbis: bf7c407c2cedff20999df2af8eb42d56 -> 
========================================================================
Received Import Request.
  Time since last request: 2765534.907329 seconds.
  path: Assets/Scenes
  artifactKey: Guid(33e310a84eef47548b5a0c1a8a03462e) Importer(815301076,1909f56bfc062723c751e8b465ee728b)
Start importing Assets/Scenes using Guid(33e310a84eef47548b5a0c1a8a03462e) Importer(815301076,1909f56bfc062723c751e8b465ee728b)  -> (artifact id: '43a687d1c6583d4bada29ce01284d7b5') in 0.003483 seconds
Number of updated asset objects reloaded before import = 0
Number of asset objects unloaded after import = 0
========================================================================
Received Import Request.
  Time since last request: 0.294399 seconds.
  path: Assets
  artifactKey: Guid(00000000000000001000000000000000) Importer(815301076,1909f56bfc062723c751e8b465ee728b)
Start importing Assets using Guid(00000000000000001000000000000000) Importer(815301076,1909f56bfc062723c751e8b465ee728b)  -> (artifact id: '8a4fe85251aa2e89732c359432baa2c3') in 0.000577 seconds
Number of updated asset objects reloaded before import = 0
Number of asset objects unloaded after import = 0
========================================================================
Received Import Request.
  Time since last request: 5.364666 seconds.
  path: Assets/Scenes/SampleScene.unity
  artifactKey: Guid(9fc0d4010bbf28b4594072e72b8655ab) Importer(2089858483,0ecaa5967403d082aa24f35e1b516d23)
Start importing Assets/Scenes/SampleScene.unity using Guid(9fc0d4010bbf28b4594072e72b8655ab) Importer(2089858483,0ecaa5967403d082aa24f35e1b516d23)  -> (artifact id: '47f99aec762383bbdc383e4b44ef55df') in 0.089718 seconds
Number of updated asset objects reloaded before import = 0
Number of asset objects unloaded after import = 1
========================================================================
Received Import Request.
  Time since last request: 24.201959 seconds.
  path: Assets/Script
  artifactKey: Guid(abf637d9b0d76d54c9f7ddfedeeb9b50) Importer(815301076,1909f56bfc062723c751e8b465ee728b)
Start importing Assets/Script using Guid(abf637d9b0d76d54c9f7ddfedeeb9b50) Importer(815301076,1909f56bfc062723c751e8b465ee728b)  -> (artifact id: '637b261a115a96797e1dcf202c213520') in 0.000588 seconds
Number of updated asset objects reloaded before import = 0
Number of asset objects unloaded after import = 0
========================================================================
Received Import Request.
  Time since last request: 0.962027 seconds.
  path: Assets/Script
  artifactKey: Guid(abf637d9b0d76d54c9f7ddfedeeb9b50) Importer(2089858483,0ecaa5967403d082aa24f35e1b516d23)
Start importing Assets/Script using Guid(abf637d9b0d76d54c9f7ddfedeeb9b50) Importer(2089858483,0ecaa5967403d082aa24f35e1b516d23)  -> (artifact id: 'dec825740f354d29ad8d282705093ff3') in 0.012879 seconds
Number of updated asset objects reloaded before import = 0
Number of asset objects unloaded after import = 1
========================================================================
Received Import Request.
  Time since last request: 1030.222203 seconds.
  path: Assets/Flamer/Materials/flamer_texture2.tga
  artifactKey: Guid(2afbc9fea087cab48bbf2b9481f78a41) Importer(2089858483,0ecaa5967403d082aa24f35e1b516d23)
Start importing Assets/Flamer/Materials/flamer_texture2.tga using Guid(2afbc9fea087cab48bbf2b9481f78a41) Importer(2089858483,0ecaa5967403d082aa24f35e1b516d23)  -> (artifact id: '4648f573a8a47e86c0e118485a9eaa97') in 0.115858 seconds
Number of updated asset objects reloaded before import = 0
Number of asset objects unloaded after import = 1
========================================================================
Received Import Request.
  Time since last request: 0.000030 seconds.
  path: Assets/Flamer/Materials/flamer_man.mat
  artifactKey: Guid(9950379c0b9132c4f8753f01503f0ef8) Importer(2089858483,0ecaa5967403d082aa24f35e1b516d23)
Start importing Assets/Flamer/Materials/flamer_man.mat using Guid(9950379c0b9132c4f8753f01503f0ef8) Importer(2089858483,0ecaa5967403d082aa24f35e1b516d23)  -> (artifact id: '6c413cd1e8d0ade1778874f758dc86f7') in 0.077080 seconds
Number of updated asset objects reloaded before import = 0
Number of asset objects unloaded after import = 2
========================================================================
Received Import Request.
  Time since last request: 0.000312 seconds.
  path: Assets/Flamer/Prefabs/flamethrower.prefab
  artifactKey: Guid(1cd82d870e6ee224a859e65f4107da95) Importer(2089858483,0ecaa5967403d082aa24f35e1b516d23)
Start importing Assets/Flamer/Prefabs/flamethrower.prefab using Guid(1cd82d870e6ee224a859e65f4107da95) Importer(2089858483,0ecaa5967403d082aa24f35e1b516d23)  -> (artifact id: '1052e94166f03bbbd665827b1104114a') in 0.035914 seconds
Number of updated asset objects reloaded before import = 0
Number of asset objects unloaded after import = 62
========================================================================
Received Import Request.
  Time since last request: 0.000029 seconds.
  path: Assets/Flamer/Materials
  artifactKey: Guid(3d1181ba30abfcb4d824785fbdaed3b1) Importer(2089858483,0ecaa5967403d082aa24f35e1b516d23)
Start importing Assets/Flamer/Materials using Guid(3d1181ba30abfcb4d824785fbdaed3b1) Importer(2089858483,0ecaa5967403d082aa24f35e1b516d23)  -> (artifact id: 'e28385550f009afb628c1b6f0567027f') in 0.013321 seconds
Number of updated asset objects reloaded before import = 0
Number of asset objects unloaded after import = 1
========================================================================
Received Import Request.
  Time since last request: 0.000020 seconds.
  path: Assets/Flamer/Materials/flamer_gun.mat
  artifactKey: Guid(ad19d6cb0fb9de64589af8878c608449) Importer(2089858483,0ecaa5967403d082aa24f35e1b516d23)
Start importing Assets/Flamer/Materials/flamer_gun.mat using Guid(ad19d6cb0fb9de64589af8878c608449) Importer(2089858483,0ecaa5967403d082aa24f35e1b516d23)  -> (artifact id: 'de2647840827a33354b5fe88549e9608') in 0.017693 seconds
Number of updated asset objects reloaded before import = 0
Number of asset objects unloaded after import = 2
========================================================================
Received Import Request.
  Time since last request: 0.000027 seconds.
  path: Assets/Flamer/Models
  artifactKey: Guid(a65316dc0525abd4d8770cad8a73084d) Importer(2089858483,0ecaa5967403d082aa24f35e1b516d23)
Start importing Assets/Flamer/Models using Guid(a65316dc0525abd4d8770cad8a73084d) Importer(2089858483,0ecaa5967403d082aa24f35e1b516d23)  -> (artifact id: '68d609933f146d15e442403ccee08c62') in 0.014113 seconds
Number of updated asset objects reloaded before import = 0
Number of asset objects unloaded after import = 1
========================================================================
Received Import Request.
  Time since last request: 0.000022 seconds.
  path: Assets/Flamer
  artifactKey: Guid(a59e92be47588c5438aeb70584bd4663) Importer(2089858483,0ecaa5967403d082aa24f35e1b516d23)
Start importing Assets/Flamer using Guid(a59e92be47588c5438aeb70584bd4663) Importer(2089858483,0ecaa5967403d082aa24f35e1b516d23)  -> (artifact id: '946c53f2a70a31afb3c0a13cdd6d274c') in 0.014062 seconds
Number of updated asset objects reloaded before import = 0
Number of asset objects unloaded after import = 1
========================================================================
Received Import Request.
  Time since last request: 0.000025 seconds.
  path: Assets/Flamer/Materials/gun_texture.tga
  artifactKey: Guid(11d66b2f0e8c2964a8ded719408b3028) Importer(2089858483,0ecaa5967403d082aa24f35e1b516d23)
Start importing Assets/Flamer/Materials/gun_texture.tga using Guid(11d66b2f0e8c2964a8ded719408b3028) Importer(2089858483,0ecaa5967403d082aa24f35e1b516d23)  -> (artifact id: '189db86a24355aface4ef4a2e5ef17c5') in 0.031345 seconds
Number of updated asset objects reloaded before import = 0
Number of asset objects unloaded after import = 1
========================================================================
Received Import Request.
  Time since last request: 0.000022 seconds.
  path: Assets/Flamer/Models/flamethrower.fbx
  artifactKey: Guid(23e5e30498d30174b9e43d09dc419871) Importer(2089858483,0ecaa5967403d082aa24f35e1b516d23)
Start importing Assets/Flamer/Models/flamethrower.fbx using Guid(23e5e30498d30174b9e43d09dc419871) Importer(2089858483,0ecaa5967403d082aa24f35e1b516d23)  -> (artifact id: 'd26031fc90d7cf796c022cfb41d46667') in 0.124567 seconds
Number of updated asset objects reloaded before import = 0
Number of asset objects unloaded after import = 78
========================================================================
Received Import Request.
  Time since last request: 0.000026 seconds.
  path: Assets/Flamer/Prefabs
  artifactKey: Guid(e5651e33114005549ba8f7c36a09a97f) Importer(2089858483,0ecaa5967403d082aa24f35e1b516d23)
Start importing Assets/Flamer/Prefabs using Guid(e5651e33114005549ba8f7c36a09a97f) Importer(2089858483,0ecaa5967403d082aa24f35e1b516d23)  -> (artifact id: '05d8d85bf56bda107776022d18db01a1') in 0.013947 seconds
Number of updated asset objects reloaded before import = 0
Number of asset objects unloaded after import = 1
========================================================================
Received Import Request.
  Time since last request: 2.425268 seconds.
  path: Assets/Flamer
  artifactKey: Guid(a59e92be47588c5438aeb70584bd4663) Importer(815301076,1909f56bfc062723c751e8b465ee728b)
Start importing Assets/Flamer using Guid(a59e92be47588c5438aeb70584bd4663) Importer(815301076,1909f56bfc062723c751e8b465ee728b)  -> (artifact id: 'f5330fdffa26f6027c6531917948d844') in 0.000619 seconds
Number of updated asset objects reloaded before import = 0
Number of asset objects unloaded after import = 0
========================================================================
Received Import Request.
  Time since last request: 1.357977 seconds.
  path: Assets/Flamer/Prefabs
  artifactKey: Guid(e5651e33114005549ba8f7c36a09a97f) Importer(815301076,1909f56bfc062723c751e8b465ee728b)
Start importing Assets/Flamer/Prefabs using Guid(e5651e33114005549ba8f7c36a09a97f) Importer(815301076,1909f56bfc062723c751e8b465ee728b)  -> (artifact id: '434f817c33c81898626cb33e1f0b36a4') in 0.000906 seconds
Number of updated asset objects reloaded before import = 0
Number of asset objects unloaded after import = 0
========================================================================
Received Import Request.
  Time since last request: 0.080299 seconds.
  path: Assets/Flamer/Prefabs/flamethrower.prefab
  artifactKey: Guid(1cd82d870e6ee224a859e65f4107da95) Importer(815301076,1909f56bfc062723c751e8b465ee728b)
Start importing Assets/Flamer/Prefabs/flamethrower.prefab using Guid(1cd82d870e6ee224a859e65f4107da95) Importer(815301076,1909f56bfc062723c751e8b465ee728b)  -> (artifact id: 'a1a4da074b99aae20f2f96f9dd441436') in 0.218426 seconds
Number of updated asset objects reloaded before import = 0
Number of asset objects unloaded after import = 66
========================================================================
Received Prepare
Begin MonoManager ReloadAssembly
- Loaded All Assemblies, in  0.598 seconds
Refreshing native plugins compatible for Editor in 4.48 ms, found 3 plugins.
Native extension for WindowsStandalone target not found
Native extension for Android target not found
[Package Manager] Server::EnsureServerProcessIsRunning -- launch failed, reason: Unity was launched with the -noUpm command-line argument
[Package Manager] UpmClient::Send -- Unable to send message (not connected to UPM process).
[Package Manager] Cannot connect to Unity Package Manager local server
Mono: successfully reloaded assembly
- Finished resetting the current domain, in  1.670 seconds
Domain Reload Profiling: 2263ms
	BeginReloadAssembly (209ms)
		ExecutionOrderSort (0ms)
		DisableScriptedObjects (7ms)
		BackupInstance (0ms)
		ReleaseScriptingObjects (0ms)
		CreateAndSetChildDomain (43ms)
	RebuildCommonClasses (49ms)
	RebuildNativeTypeToScriptingClass (17ms)
	initialDomainReloadingComplete (43ms)
	LoadAllAssembliesAndSetupDomain (275ms)
		LoadAssemblies (377ms)
		RebuildTransferFunctionScriptingTraits (0ms)
		AnalyzeDomain (16ms)
			TypeCache.Refresh (6ms)
				TypeCache.ScanAssembly (0ms)
			ScanForSourceGeneratedMonoScriptInfo (0ms)
			ResolveRequiredComponents (8ms)
	FinalizeReload (1670ms)
		ReleaseScriptCaches (0ms)
		RebuildScriptCaches (0ms)
		SetupLoadedEditorAssemblies (738ms)
			LogAssemblyErrors (0ms)
			InitializePlatformSupportModulesInManaged (47ms)
			SetLoadedEditorAssemblies (7ms)
			RefreshPlugins (0ms)
			BeforeProcessingInitializeOnLoad (109ms)
			ProcessInitializeOnLoadAttributes (518ms)
			ProcessInitializeOnLoadMethodAttributes (42ms)
			AfterProcessingInitializeOnLoad (14ms)
			EditorAssembliesLoaded (0ms)
		ExecutionOrderSort2 (0ms)
		AwakeInstancesAfterBackupRestoration (12ms)
Refreshing native plugins compatible for Editor in 7.40 ms, found 3 plugins.
Preloading 0 native plugins for Editor in 0.00 ms.
Unloading 3085 Unused Serialized files (Serialized files now loaded: 0)
Unloading 23 unused Assets / (31.1 KB). Loaded Objects now: 3571.
Memory consumption went from 128.2 MB to 128.2 MB.
Total: 5.052700 ms (FindLiveObjects: 0.346700 ms CreateObjectMapping: 0.381000 ms MarkObjects: 4.267300 ms  DeleteObjects: 0.056500 ms)

Prepare: number of updated asset objects reloaded= 0
AssetImportParameters requested are different than current active one (requested -> active):
  custom:container-demuxer-ogg: 62fdf1f143b41e24485cea50d1cbac27 -> 
  custom:video-decoder-ogg-theora: a1e56fd34408186e4bbccfd4996cb3dc -> 
  custom:framework-win-MediaFoundation: 216162199b28c13a410421893ffa2e32 -> 
  custom:CustomObjectIndexerAttribute: 9a22284fe3817be447336de3de66b15e -> 
  custom:container-demuxer-webm: 4f35f7cbe854078d1ac9338744f61a02 -> 
  custom:container-muxer-webm: aa71ff27fc2769a1b78a27578f13a17b -> 
  custom:video-decoder-webm-vp8: 9c59270c3fd7afecdb556c50c9e8de78 -> 
  custom:SearchIndexIgnoredProperties: e643bd26f0fe6173181afceb89e7c659 -> 
  custom:AudioImporter_EditorPlatform: d09bf68614088b80899f8185d706f6e7 -> 
  custom:video-encoder-webm-vp8: eb34c28f22e8b96e1ab97ce403110664 -> 
  custom:audio-decoder-ogg-vorbis: bf7c407c2cedff20999df2af8eb42d56 -> 
  custom:audio-encoder-webm-vorbis: bf7c407c2cedff20999df2af8eb42d56 -> 
========================================================================
Received Prepare
Begin MonoManager ReloadAssembly
- Loaded All Assemblies, in  4.326 seconds
Refreshing native plugins compatible for Editor in 8.70 ms, found 6 plugins.
Native extension for WindowsStandalone target not found
Native extension for Android target not found
[ScriptCompilation] NOT recompiling all scripts because this is an import worker process. Reason to compile was: Define symbols changed
[Package Manager] Server::EnsureServerProcessIsRunning -- launch failed, reason: Unity was launched with the -noUpm command-line argument
[Package Manager] UpmClient::Send -- Unable to send message (not connected to UPM process).
[Package Manager] Cannot connect to Unity Package Manager local server
Mono: successfully reloaded assembly
- Finished resetting the current domain, in  1.892 seconds
Domain Reload Profiling: 6214ms
	BeginReloadAssembly (278ms)
		ExecutionOrderSort (0ms)
		DisableScriptedObjects (9ms)
		BackupInstance (0ms)
		ReleaseScriptingObjects (0ms)
		CreateAndSetChildDomain (61ms)
	RebuildCommonClasses (60ms)
	RebuildNativeTypeToScriptingClass (23ms)
	initialDomainReloadingComplete (83ms)
	LoadAllAssembliesAndSetupDomain (3879ms)
		LoadAssemblies (3891ms)
		RebuildTransferFunctionScriptingTraits (0ms)
		AnalyzeDomain (141ms)
			TypeCache.Refresh (108ms)
				TypeCache.ScanAssembly (93ms)
			ScanForSourceGeneratedMonoScriptInfo (21ms)
			ResolveRequiredComponents (11ms)
	FinalizeReload (1893ms)
		ReleaseScriptCaches (0ms)
		RebuildScriptCaches (0ms)
		SetupLoadedEditorAssemblies (923ms)
			LogAssemblyErrors (0ms)
			InitializePlatformSupportModulesInManaged (243ms)
			SetLoadedEditorAssemblies (6ms)
			RefreshPlugins (0ms)
			BeforeProcessingInitializeOnLoad (91ms)
			ProcessInitializeOnLoadAttributes (542ms)
			ProcessInitializeOnLoadMethodAttributes (29ms)
			AfterProcessingInitializeOnLoad (11ms)
			EditorAssembliesLoaded (0ms)
		ExecutionOrderSort2 (0ms)
		AwakeInstancesAfterBackupRestoration (9ms)
Script is not up to date after domain reload: guid(bbb6cae19ece4b848b976432ca8b3cfb) path("Assets/Jammo-Character/Scripts/CharacterSkinController.cs") state(2)
Script is not up to date after domain reload: guid(caa9f165e2b4f1a4f9522501717c095d) path("Assets/Jammo-Character/Scripts/MovementInput.cs") state(2)
Refreshing native plugins compatible for Editor in 7.33 ms, found 6 plugins.
Preloading 0 native plugins for Editor in 0.00 ms.
Unloading 3544 Unused Serialized files (Serialized files now loaded: 0)
Unloading 78 unused Assets / (4.3 MB). Loaded Objects now: 3989.
Memory consumption went from 153.1 MB to 148.7 MB.
Total: 30.975600 ms (FindLiveObjects: 25.305000 ms CreateObjectMapping: 0.669900 ms MarkObjects: 3.489900 ms  DeleteObjects: 1.509000 ms)

Prepare: number of updated asset objects reloaded= 0
AssetImportParameters requested are different than current active one (requested -> active):
  custom:container-demuxer-ogg: 62fdf1f143b41e24485cea50d1cbac27 -> 
  custom:video-decoder-ogg-theora: a1e56fd34408186e4bbccfd4996cb3dc -> 
  custom:framework-win-MediaFoundation: 216162199b28c13a410421893ffa2e32 -> 
  custom:CustomObjectIndexerAttribute: 9a22284fe3817be447336de3de66b15e -> 
  custom:container-demuxer-webm: 4f35f7cbe854078d1ac9338744f61a02 -> 
  custom:container-muxer-webm: aa71ff27fc2769a1b78a27578f13a17b -> 
  custom:video-decoder-webm-vp8: 9c59270c3fd7afecdb556c50c9e8de78 -> 
  custom:SearchIndexIgnoredProperties: e643bd26f0fe6173181afceb89e7c659 -> 
  custom:AudioImporter_EditorPlatform: d09bf68614088b80899f8185d706f6e7 -> 
  custom:video-encoder-webm-vp8: eb34c28f22e8b96e1ab97ce403110664 -> 
  custom:audio-decoder-ogg-vorbis: bf7c407c2cedff20999df2af8eb42d56 -> 
  custom:audio-encoder-webm-vorbis: bf7c407c2cedff20999df2af8eb42d56 -> 
========================================================================
Received Prepare
Begin MonoManager ReloadAssembly
- Loaded All Assemblies, in  0.825 seconds
Refreshing native plugins compatible for Editor in 6.55 ms, found 6 plugins.
Native extension for WindowsStandalone target not found
Native extension for Android target not found
[ScriptCompilation] NOT recompiling all scripts because this is an import worker process. Reason to compile was: Define symbols changed
[Package Manager] Server::EnsureServerProcessIsRunning -- launch failed, reason: Unity was launched with the -noUpm command-line argument
[Package Manager] UpmClient::Send -- Unable to send message (not connected to UPM process).
[Package Manager] Cannot connect to Unity Package Manager local server
Mono: successfully reloaded assembly
- Finished resetting the current domain, in  2.151 seconds
Domain Reload Profiling: 2972ms
	BeginReloadAssembly (272ms)
		ExecutionOrderSort (0ms)
		DisableScriptedObjects (12ms)
		BackupInstance (0ms)
		ReleaseScriptingObjects (0ms)
		CreateAndSetChildDomain (41ms)
	RebuildCommonClasses (74ms)
	RebuildNativeTypeToScriptingClass (18ms)
	initialDomainReloadingComplete (46ms)
	LoadAllAssembliesAndSetupDomain (410ms)
		LoadAssemblies (454ms)
		RebuildTransferFunctionScriptingTraits (0ms)
		AnalyzeDomain (131ms)
			TypeCache.Refresh (103ms)
				TypeCache.ScanAssembly (91ms)
			ScanForSourceGeneratedMonoScriptInfo (18ms)
			ResolveRequiredComponents (9ms)
	FinalizeReload (2152ms)
		ReleaseScriptCaches (0ms)
		RebuildScriptCaches (0ms)
		SetupLoadedEditorAssemblies (1326ms)
			LogAssemblyErrors (0ms)
			InitializePlatformSupportModulesInManaged (60ms)
			SetLoadedEditorAssemblies (12ms)
			RefreshPlugins (0ms)
			BeforeProcessingInitializeOnLoad (223ms)
			ProcessInitializeOnLoadAttributes (957ms)
			ProcessInitializeOnLoadMethodAttributes (53ms)
			AfterProcessingInitializeOnLoad (20ms)
			EditorAssembliesLoaded (1ms)
		ExecutionOrderSort2 (0ms)
		AwakeInstancesAfterBackupRestoration (15ms)
Refreshing native plugins compatible for Editor in 14.15 ms, found 6 plugins.
Preloading 0 native plugins for Editor in 0.00 ms.
Unloading 3546 Unused Serialized files (Serialized files now loaded: 0)
Unloading 78 unused Assets / (4.3 MB). Loaded Objects now: 4006.
Memory consumption went from 155.1 MB to 150.7 MB.
Total: 8.547000 ms (FindLiveObjects: 0.532300 ms CreateObjectMapping: 0.437700 ms MarkObjects: 5.466600 ms  DeleteObjects: 2.109000 ms)

Prepare: number of updated asset objects reloaded= 0
AssetImportParameters requested are different than current active one (requested -> active):
  custom:container-demuxer-ogg: 62fdf1f143b41e24485cea50d1cbac27 -> 
  custom:video-decoder-ogg-theora: a1e56fd34408186e4bbccfd4996cb3dc -> 
  custom:framework-win-MediaFoundation: 216162199b28c13a410421893ffa2e32 -> 
  custom:CustomObjectIndexerAttribute: 9a22284fe3817be447336de3de66b15e -> 
  custom:container-demuxer-webm: 4f35f7cbe854078d1ac9338744f61a02 -> 
  custom:container-muxer-webm: aa71ff27fc2769a1b78a27578f13a17b -> 
  custom:video-decoder-webm-vp8: 9c59270c3fd7afecdb556c50c9e8de78 -> 
  custom:SearchIndexIgnoredProperties: e643bd26f0fe6173181afceb89e7c659 -> 
  custom:AudioImporter_EditorPlatform: d09bf68614088b80899f8185d706f6e7 -> 
  custom:video-encoder-webm-vp8: eb34c28f22e8b96e1ab97ce403110664 -> 
  custom:audio-decoder-ogg-vorbis: bf7c407c2cedff20999df2af8eb42d56 -> 
  custom:audio-encoder-webm-vorbis: bf7c407c2cedff20999df2af8eb42d56 -> 
========================================================================
Received Import Request.
  Time since last request: 584.668400 seconds.
  path: Assets/Jammo-Character
  artifactKey: Guid(d71d7ce3d7ca20d4cafd6adabde2d12e) Importer(815301076,1909f56bfc062723c751e8b465ee728b)
Start importing Assets/Jammo-Character using Guid(d71d7ce3d7ca20d4cafd6adabde2d12e) Importer(815301076,1909f56bfc062723c751e8b465ee728b)  -> (artifact id: 'f3d04023e5b487429589751d5b7cc8c5') in 0.003337 seconds
Number of updated asset objects reloaded before import = 0
Number of asset objects unloaded after import = 0
========================================================================
Received Import Request.
  Time since last request: 2.447198 seconds.
  path: Assets/Jammo-Character/Prefabs
  artifactKey: Guid(c1aa448c4c958d843a191bcf0890103e) Importer(815301076,1909f56bfc062723c751e8b465ee728b)
Start importing Assets/Jammo-Character/Prefabs using Guid(c1aa448c4c958d843a191bcf0890103e) Importer(815301076,1909f56bfc062723c751e8b465ee728b)  -> (artifact id: 'afd10c9e2385c6ed2fdd3d3c54334ea0') in 0.000844 seconds
Number of updated asset objects reloaded before import = 0
Number of asset objects unloaded after import = 0
========================================================================
Received Import Request.
  Time since last request: 0.046456 seconds.
  path: Assets/Jammo-Character/Prefabs/Jammo_Player.prefab
  artifactKey: Guid(bd6ee82c5e06b3f4f86113cbf8261ae1) Importer(815301076,1909f56bfc062723c751e8b465ee728b)
Start importing Assets/Jammo-Character/Prefabs/Jammo_Player.prefab using Guid(bd6ee82c5e06b3f4f86113cbf8261ae1) Importer(815301076,1909f56bfc062723c751e8b465ee728b)  -> (artifact id: 'c4b8255f930b5fc9671071f8d027047d') in 1.141231 seconds
Number of updated asset objects reloaded before import = 0
Number of asset objects unloaded after import = 258
========================================================================
Received Import Request.
  Time since last request: 6.194756 seconds.
  path: Assets/Jammo-Character/Scripts
  artifactKey: Guid(42e09110c681a2f4098bd04db06a8ad3) Importer(815301076,1909f56bfc062723c751e8b465ee728b)
Start importing Assets/Jammo-Character/Scripts using Guid(42e09110c681a2f4098bd04db06a8ad3) Importer(815301076,1909f56bfc062723c751e8b465ee728b)  -> (artifact id: '4010545e3b7559fa9bfc0d748d52e323') in 0.001141 seconds
Number of updated asset objects reloaded before import = 0
Number of asset objects unloaded after import = 0
========================================================================
Received Import Request.
  Time since last request: 1.081450 seconds.
  path: Assets/Jammo-Character/Scenes
  artifactKey: Guid(4bcebd09e16291b4fb14e07f32300e83) Importer(815301076,1909f56bfc062723c751e8b465ee728b)
Start importing Assets/Jammo-Character/Scenes using Guid(4bcebd09e16291b4fb14e07f32300e83) Importer(815301076,1909f56bfc062723c751e8b465ee728b)  -> (artifact id: '055f68596b135faf77763163bf53f52b') in 0.000606 seconds
Number of updated asset objects reloaded before import = 0
Number of asset objects unloaded after import = 0
========================================================================
Received Import Request.
  Time since last request: 1.565934 seconds.
  path: Assets/Jammo-Character/Scenes/JammoScene.unity
  artifactKey: Guid(87b615ebd00e8b7449ca58a64c47e9f0) Importer(815301076,1909f56bfc062723c751e8b465ee728b)
Start importing Assets/Jammo-Character/Scenes/JammoScene.unity using Guid(87b615ebd00e8b7449ca58a64c47e9f0) Importer(815301076,1909f56bfc062723c751e8b465ee728b)  -> (artifact id: '3d2ff395b28ec7a53084e2e466ccb88e') in 0.000649 seconds
Number of updated asset objects reloaded before import = 0
Number of asset objects unloaded after import = 0
========================================================================
Received Prepare
Begin MonoManager ReloadAssembly
- Loaded All Assemblies, in  0.630 seconds
Refreshing native plugins compatible for Editor in 6.49 ms, found 6 plugins.
Native extension for WindowsStandalone target not found
Native extension for Android target not found
[Package Manager] Server::EnsureServerProcessIsRunning -- launch failed, reason: Unity was launched with the -noUpm command-line argument
[Package Manager] UpmClient::Send -- Unable to send message (not connected to UPM process).
[Package Manager] Cannot connect to Unity Package Manager local server
Mono: successfully reloaded assembly
- Finished resetting the current domain, in  1.846 seconds
Domain Reload Profiling: 2471ms
	BeginReloadAssembly (208ms)
		ExecutionOrderSort (0ms)
		DisableScriptedObjects (8ms)
		BackupInstance (0ms)
		ReleaseScriptingObjects (0ms)
		CreateAndSetChildDomain (44ms)
	RebuildCommonClasses (48ms)
	RebuildNativeTypeToScriptingClass (17ms)
	initialDomainReloadingComplete (43ms)
	LoadAllAssembliesAndSetupDomain (309ms)
		LoadAssemblies (408ms)
		RebuildTransferFunctionScriptingTraits (0ms)
		AnalyzeDomain (18ms)
			TypeCache.Refresh (7ms)
				TypeCache.ScanAssembly (0ms)
			ScanForSourceGeneratedMonoScriptInfo (0ms)
			ResolveRequiredComponents (10ms)
	FinalizeReload (1846ms)
		ReleaseScriptCaches (0ms)
		RebuildScriptCaches (0ms)
		SetupLoadedEditorAssemblies (803ms)
			LogAssemblyErrors (0ms)
			InitializePlatformSupportModulesInManaged (46ms)
			SetLoadedEditorAssemblies (7ms)
			RefreshPlugins (0ms)
			BeforeProcessingInitializeOnLoad (116ms)
			ProcessInitializeOnLoadAttributes (575ms)
			ProcessInitializeOnLoadMethodAttributes (45ms)
			AfterProcessingInitializeOnLoad (13ms)
			EditorAssembliesLoaded (0ms)
		ExecutionOrderSort2 (0ms)
		AwakeInstancesAfterBackupRestoration (12ms)
Refreshing native plugins compatible for Editor in 8.78 ms, found 6 plugins.
Preloading 0 native plugins for Editor in 0.00 ms.
Unloading 3545 Unused Serialized files (Serialized files now loaded: 0)
Unloading 78 unused Assets / (4.3 MB). Loaded Objects now: 4021.
Memory consumption went from 156.9 MB to 152.5 MB.
Total: 6.083100 ms (FindLiveObjects: 0.324800 ms CreateObjectMapping: 0.150500 ms MarkObjects: 3.969200 ms  DeleteObjects: 1.637100 ms)

Prepare: number of updated asset objects reloaded= 0
AssetImportParameters requested are different than current active one (requested -> active):
  custom:container-demuxer-ogg: 62fdf1f143b41e24485cea50d1cbac27 -> 
  custom:video-decoder-ogg-theora: a1e56fd34408186e4bbccfd4996cb3dc -> 
  custom:framework-win-MediaFoundation: 216162199b28c13a410421893ffa2e32 -> 
  custom:CustomObjectIndexerAttribute: 9a22284fe3817be447336de3de66b15e -> 
  custom:container-demuxer-webm: 4f35f7cbe854078d1ac9338744f61a02 -> 
  custom:container-muxer-webm: aa71ff27fc2769a1b78a27578f13a17b -> 
  custom:video-decoder-webm-vp8: 9c59270c3fd7afecdb556c50c9e8de78 -> 
  custom:SearchIndexIgnoredProperties: e643bd26f0fe6173181afceb89e7c659 -> 
  custom:AudioImporter_EditorPlatform: d09bf68614088b80899f8185d706f6e7 -> 
  custom:video-encoder-webm-vp8: eb34c28f22e8b96e1ab97ce403110664 -> 
  custom:audio-decoder-ogg-vorbis: bf7c407c2cedff20999df2af8eb42d56 -> 
  custom:audio-encoder-webm-vorbis: bf7c407c2cedff20999df2af8eb42d56 -> 
========================================================================
Received Import Request.
  Time since last request: 87.016018 seconds.
  path: Assets/Scenes/SampleScene.unity
  artifactKey: Guid(9fc0d4010bbf28b4594072e72b8655ab) Importer(815301076,1909f56bfc062723c751e8b465ee728b)
Start importing Assets/Scenes/SampleScene.unity using Guid(9fc0d4010bbf28b4594072e72b8655ab) Importer(815301076,1909f56bfc062723c751e8b465ee728b)  -> (artifact id: 'abc7e9f72e1d9bfbe0a137c49bfa403e') in 0.003602 seconds
Number of updated asset objects reloaded before import = 0
Number of asset objects unloaded after import = 0
========================================================================
Received Prepare
Begin MonoManager ReloadAssembly
- Loaded All Assemblies, in  0.652 seconds
Refreshing native plugins compatible for Editor in 23.39 ms, found 6 plugins.
Native extension for WindowsStandalone target not found
Native extension for Android target not found
[Package Manager] Server::EnsureServerProcessIsRunning -- launch failed, reason: Unity was launched with the -noUpm command-line argument
[Package Manager] UpmClient::Send -- Unable to send message (not connected to UPM process).
[Package Manager] Cannot connect to Unity Package Manager local server
Mono: successfully reloaded assembly
- Finished resetting the current domain, in  3.101 seconds
Domain Reload Profiling: 3748ms
	BeginReloadAssembly (220ms)
		ExecutionOrderSort (0ms)
		DisableScriptedObjects (8ms)
		BackupInstance (0ms)
		ReleaseScriptingObjects (0ms)
		CreateAndSetChildDomain (44ms)
	RebuildCommonClasses (51ms)
	RebuildNativeTypeToScriptingClass (18ms)
	initialDomainReloadingComplete (45ms)
	LoadAllAssembliesAndSetupDomain (314ms)
		LoadAssemblies (408ms)
		RebuildTransferFunctionScriptingTraits (0ms)
		AnalyzeDomain (32ms)
			TypeCache.Refresh (16ms)
				TypeCache.ScanAssembly (0ms)
			ScanForSourceGeneratedMonoScriptInfo (0ms)
			ResolveRequiredComponents (13ms)
	FinalizeReload (3101ms)
		ReleaseScriptCaches (0ms)
		RebuildScriptCaches (0ms)
		SetupLoadedEditorAssemblies (793ms)
			LogAssemblyErrors (0ms)
			InitializePlatformSupportModulesInManaged (47ms)
			SetLoadedEditorAssemblies (8ms)
			RefreshPlugins (0ms)
			BeforeProcessingInitializeOnLoad (118ms)
			ProcessInitializeOnLoadAttributes (567ms)
			ProcessInitializeOnLoadMethodAttributes (38ms)
			AfterProcessingInitializeOnLoad (14ms)
			EditorAssembliesLoaded (0ms)
		ExecutionOrderSort2 (0ms)
		AwakeInstancesAfterBackupRestoration (11ms)
Refreshing native plugins compatible for Editor in 9.17 ms, found 6 plugins.
Preloading 0 native plugins for Editor in 0.00 ms.
Unloading 3545 Unused Serialized files (Serialized files now loaded: 0)
Unloading 78 unused Assets / (4.3 MB). Loaded Objects now: 4036.
Memory consumption went from 158.8 MB to 154.5 MB.
Total: 6.556600 ms (FindLiveObjects: 0.336500 ms CreateObjectMapping: 0.252300 ms MarkObjects: 4.019800 ms  DeleteObjects: 1.946600 ms)

Prepare: number of updated asset objects reloaded= 0
AssetImportParameters requested are different than current active one (requested -> active):
  custom:container-demuxer-ogg: 62fdf1f143b41e24485cea50d1cbac27 -> 
  custom:video-decoder-ogg-theora: a1e56fd34408186e4bbccfd4996cb3dc -> 
  custom:framework-win-MediaFoundation: 216162199b28c13a410421893ffa2e32 -> 
  custom:CustomObjectIndexerAttribute: 9a22284fe3817be447336de3de66b15e -> 
  custom:container-demuxer-webm: 4f35f7cbe854078d1ac9338744f61a02 -> 
  custom:container-muxer-webm: aa71ff27fc2769a1b78a27578f13a17b -> 
  custom:video-decoder-webm-vp8: 9c59270c3fd7afecdb556c50c9e8de78 -> 
  custom:SearchIndexIgnoredProperties: e643bd26f0fe6173181afceb89e7c659 -> 
  custom:AudioImporter_EditorPlatform: d09bf68614088b80899f8185d706f6e7 -> 
  custom:video-encoder-webm-vp8: eb34c28f22e8b96e1ab97ce403110664 -> 
  custom:audio-decoder-ogg-vorbis: bf7c407c2cedff20999df2af8eb42d56 -> 
  custom:audio-encoder-webm-vorbis: bf7c407c2cedff20999df2af8eb42d56 -> 
========================================================================
Received Prepare
Begin MonoManager ReloadAssembly
- Loaded All Assemblies, in  0.646 seconds
Refreshing native plugins compatible for Editor in 8.40 ms, found 6 plugins.
Native extension for WindowsStandalone target not found
Native extension for Android target not found
[Package Manager] Server::EnsureServerProcessIsRunning -- launch failed, reason: Unity was launched with the -noUpm command-line argument
[Package Manager] UpmClient::Send -- Unable to send message (not connected to UPM process).
[Package Manager] Cannot connect to Unity Package Manager local server
Mono: successfully reloaded assembly
- Finished resetting the current domain, in  1.402 seconds
Domain Reload Profiling: 2044ms
	BeginReloadAssembly (216ms)
		ExecutionOrderSort (0ms)
		DisableScriptedObjects (8ms)
		BackupInstance (0ms)
		ReleaseScriptingObjects (0ms)
		CreateAndSetChildDomain (44ms)
	RebuildCommonClasses (49ms)
	RebuildNativeTypeToScriptingClass (17ms)
	initialDomainReloadingComplete (45ms)
	LoadAllAssembliesAndSetupDomain (315ms)
		LoadAssemblies (397ms)
		RebuildTransferFunctionScriptingTraits (0ms)
		AnalyzeDomain (41ms)
			TypeCache.Refresh (10ms)
				TypeCache.ScanAssembly (0ms)
			ScanForSourceGeneratedMonoScriptInfo (12ms)
			ResolveRequiredComponents (17ms)
	FinalizeReload (1403ms)
		ReleaseScriptCaches (0ms)
		RebuildScriptCaches (0ms)
		SetupLoadedEditorAssemblies (597ms)
			LogAssemblyErrors (0ms)
			InitializePlatformSupportModulesInManaged (35ms)
			SetLoadedEditorAssemblies (6ms)
			RefreshPlugins (0ms)
			BeforeProcessingInitializeOnLoad (90ms)
			ProcessInitializeOnLoadAttributes (427ms)
			ProcessInitializeOnLoadMethodAttributes (28ms)
			AfterProcessingInitializeOnLoad (11ms)
			EditorAssembliesLoaded (0ms)
		ExecutionOrderSort2 (0ms)
		AwakeInstancesAfterBackupRestoration (9ms)
Refreshing native plugins compatible for Editor in 6.41 ms, found 6 plugins.
Preloading 0 native plugins for Editor in 0.00 ms.
Unloading 3544 Unused Serialized files (Serialized files now loaded: 0)
Unloading 80 unused Assets / (4.3 MB). Loaded Objects now: 4049.
Memory consumption went from 161.0 MB to 156.6 MB.
Total: 5.150000 ms (FindLiveObjects: 0.347200 ms CreateObjectMapping: 0.147800 ms MarkObjects: 3.171800 ms  DeleteObjects: 1.482200 ms)

Prepare: number of updated asset objects reloaded= 0
AssetImportParameters requested are different than current active one (requested -> active):
  custom:container-demuxer-ogg: 62fdf1f143b41e24485cea50d1cbac27 -> 
  custom:video-decoder-ogg-theora: a1e56fd34408186e4bbccfd4996cb3dc -> 
  custom:framework-win-MediaFoundation: 216162199b28c13a410421893ffa2e32 -> 
  custom:CustomObjectIndexerAttribute: 9a22284fe3817be447336de3de66b15e -> 
  custom:container-demuxer-webm: 4f35f7cbe854078d1ac9338744f61a02 -> 
  custom:container-muxer-webm: aa71ff27fc2769a1b78a27578f13a17b -> 
  custom:video-decoder-webm-vp8: 9c59270c3fd7afecdb556c50c9e8de78 -> 
  custom:SearchIndexIgnoredProperties: e643bd26f0fe6173181afceb89e7c659 -> 
  custom:AudioImporter_EditorPlatform: d09bf68614088b80899f8185d706f6e7 -> 
  custom:video-encoder-webm-vp8: eb34c28f22e8b96e1ab97ce403110664 -> 
  custom:audio-decoder-ogg-vorbis: bf7c407c2cedff20999df2af8eb42d56 -> 
  custom:audio-encoder-webm-vorbis: bf7c407c2cedff20999df2af8eb42d56 -> 
========================================================================
Received Import Request.
  Time since last request: 36.650730 seconds.
  path: Assets/RPGMonsterPartnersPBRPolyart
  artifactKey: Guid(2d1de958520c41e6b4f9b0c40b13531c) Importer(815301076,1909f56bfc062723c751e8b465ee728b)
Start importing Assets/RPGMonsterPartnersPBRPolyart using Guid(2d1de958520c41e6b4f9b0c40b13531c) Importer(815301076,1909f56bfc062723c751e8b465ee728b)  -> (artifact id: 'f15394a57f5c30f8287ab752aac35b0a') in 0.002038 seconds
Number of updated asset objects reloaded before import = 0
Number of asset objects unloaded after import = 0
========================================================================
Received Import Request.
  Time since last request: 10.478658 seconds.
  path: Assets/RPGMonsterPartnersPBRPolyart/Prefabs
  artifactKey: Guid(8e02c22612c74ccd8db533ad47b69439) Importer(815301076,1909f56bfc062723c751e8b465ee728b)
Start importing Assets/RPGMonsterPartnersPBRPolyart/Prefabs using Guid(8e02c22612c74ccd8db533ad47b69439) Importer(815301076,1909f56bfc062723c751e8b465ee728b)  -> (artifact id: 'e430b14fc82e850e69e1d5d5263ca3f5') in 0.000785 seconds
Number of updated asset objects reloaded before import = 0
Number of asset objects unloaded after import = 0
========================================================================
Received Import Request.
  Time since last request: 3.508424 seconds.
  path: Assets/RPGMonsterPartnersPBRPolyart/Prefabs/Character
  artifactKey: Guid(39f1a66048b248babb2e775148b63abf) Importer(815301076,1909f56bfc062723c751e8b465ee728b)
Start importing Assets/RPGMonsterPartnersPBRPolyart/Prefabs/Character using Guid(39f1a66048b248babb2e775148b63abf) Importer(815301076,1909f56bfc062723c751e8b465ee728b)  -> (artifact id: '0d48b5b7b4f3ad0688132840ad52af33') in 0.000967 seconds
Number of updated asset objects reloaded before import = 0
Number of asset objects unloaded after import = 0
========================================================================
Received Import Request.
  Time since last request: 0.073788 seconds.
  path: Assets/RPGMonsterPartnersPBRPolyart/Prefabs/Character/BeholderPBRDefault.prefab
  artifactKey: Guid(a281aaaef0214dbbb7a0c5e5d4d370d1) Importer(815301076,1909f56bfc062723c751e8b465ee728b)
Start importing Assets/RPGMonsterPartnersPBRPolyart/Prefabs/Character/BeholderPBRDefault.prefab using Guid(a281aaaef0214dbbb7a0c5e5d4d370d1) Importer(815301076,1909f56bfc062723c751e8b465ee728b)  -> (artifact id: 'd0a9165aabe8d9479ff95de05ea8356c') in 0.486469 seconds
Number of updated asset objects reloaded before import = 0
Number of asset objects unloaded after import = 165
========================================================================
Received Import Request.
  Time since last request: 0.000027 seconds.
  path: Assets/RPGMonsterPartnersPBRPolyart/Prefabs/Character/ChestMonsterPolyartDefault.prefab
  artifactKey: Guid(a50dc8fc460c47aa9033b698c00b2133) Importer(815301076,1909f56bfc062723c751e8b465ee728b)
Start importing Assets/RPGMonsterPartnersPBRPolyart/Prefabs/Character/ChestMonsterPolyartDefault.prefab using Guid(a50dc8fc460c47aa9033b698c00b2133) Importer(815301076,1909f56bfc062723c751e8b465ee728b)  -> (artifact id: 'a7b38275521335c6091b9dd97f7a4621') in 0.337261 seconds
Number of updated asset objects reloaded before import = 0
Number of asset objects unloaded after import = 109
========================================================================
Received Import Request.
  Time since last request: 0.000039 seconds.
  path: Assets/RPGMonsterPartnersPBRPolyart/Prefabs/Character/ChestMonsterPBRDefault.prefab
  artifactKey: Guid(6a4317fc729846d79f69cda980e03f9d) Importer(815301076,1909f56bfc062723c751e8b465ee728b)
Start importing Assets/RPGMonsterPartnersPBRPolyart/Prefabs/Character/ChestMonsterPBRDefault.prefab using Guid(6a4317fc729846d79f69cda980e03f9d) Importer(815301076,1909f56bfc062723c751e8b465ee728b)  -> (artifact id: '9c5be94de1be23d4137813bed509290a') in 0.039135 seconds
Number of updated asset objects reloaded before import = 0
Number of asset objects unloaded after import = 110
========================================================================
Received Import Request.
  Time since last request: 0.000021 seconds.
  path: Assets/RPGMonsterPartnersPBRPolyart/Prefabs/Character/BeholderPolyartDefault.prefab
  artifactKey: Guid(c73a559184154c75991d095521bdea87) Importer(815301076,1909f56bfc062723c751e8b465ee728b)
Start importing Assets/RPGMonsterPartnersPBRPolyart/Prefabs/Character/BeholderPolyartDefault.prefab using Guid(c73a559184154c75991d095521bdea87) Importer(815301076,1909f56bfc062723c751e8b465ee728b)  -> (artifact id: 'cb7b39a9013d02a3da68d18a1ada43a4') in 0.043578 seconds
Number of updated asset objects reloaded before import = 0
Number of asset objects unloaded after import = 164
========================================================================
Received Prepare
Begin MonoManager ReloadAssembly
- Loaded All Assemblies, in  0.611 seconds
Refreshing native plugins compatible for Editor in 6.79 ms, found 6 plugins.
Native extension for WindowsStandalone target not found
Native extension for Android target not found
[Package Manager] Server::EnsureServerProcessIsRunning -- launch failed, reason: Unity was launched with the -noUpm command-line argument
[Package Manager] UpmClient::Send -- Unable to send message (not connected to UPM process).
[Package Manager] Cannot connect to Unity Package Manager local server
Mono: successfully reloaded assembly
- Finished resetting the current domain, in  1.840 seconds
Domain Reload Profiling: 2447ms
	BeginReloadAssembly (206ms)
		ExecutionOrderSort (0ms)
		DisableScriptedObjects (7ms)
		BackupInstance (0ms)
		ReleaseScriptingObjects (0ms)
		CreateAndSetChildDomain (43ms)
	RebuildCommonClasses (49ms)
	RebuildNativeTypeToScriptingClass (17ms)
	initialDomainReloadingComplete (43ms)
	LoadAllAssembliesAndSetupDomain (291ms)
		LoadAssemblies (388ms)
		RebuildTransferFunctionScriptingTraits (0ms)
		AnalyzeDomain (19ms)
			TypeCache.Refresh (7ms)
				TypeCache.ScanAssembly (0ms)
			ScanForSourceGeneratedMonoScriptInfo (0ms)
			ResolveRequiredComponents (10ms)
	FinalizeReload (1841ms)
		ReleaseScriptCaches (0ms)
		RebuildScriptCaches (0ms)
		SetupLoadedEditorAssemblies (834ms)
			LogAssemblyErrors (0ms)
			InitializePlatformSupportModulesInManaged (49ms)
			SetLoadedEditorAssemblies (7ms)
			RefreshPlugins (0ms)
			BeforeProcessingInitializeOnLoad (116ms)
			ProcessInitializeOnLoadAttributes (606ms)
			ProcessInitializeOnLoadMethodAttributes (41ms)
			AfterProcessingInitializeOnLoad (14ms)
			EditorAssembliesLoaded (1ms)
		ExecutionOrderSort2 (0ms)
		AwakeInstancesAfterBackupRestoration (12ms)
Refreshing native plugins compatible for Editor in 9.29 ms, found 6 plugins.
Preloading 0 native plugins for Editor in 0.00 ms.
Unloading 3543 Unused Serialized files (Serialized files now loaded: 0)
Unloading 78 unused Assets / (4.3 MB). Loaded Objects now: 4064.
Memory consumption went from 162.7 MB to 158.3 MB.
Total: 6.926800 ms (FindLiveObjects: 0.353200 ms CreateObjectMapping: 0.396800 ms MarkObjects: 4.313300 ms  DeleteObjects: 1.862200 ms)

Prepare: number of updated asset objects reloaded= 0
AssetImportParameters requested are different than current active one (requested -> active):
  custom:container-demuxer-ogg: 62fdf1f143b41e24485cea50d1cbac27 -> 
  custom:video-decoder-ogg-theora: a1e56fd34408186e4bbccfd4996cb3dc -> 
  custom:framework-win-MediaFoundation: 216162199b28c13a410421893ffa2e32 -> 
  custom:CustomObjectIndexerAttribute: 9a22284fe3817be447336de3de66b15e -> 
  custom:container-demuxer-webm: 4f35f7cbe854078d1ac9338744f61a02 -> 
  custom:container-muxer-webm: aa71ff27fc2769a1b78a27578f13a17b -> 
  custom:video-decoder-webm-vp8: 9c59270c3fd7afecdb556c50c9e8de78 -> 
  custom:SearchIndexIgnoredProperties: e643bd26f0fe6173181afceb89e7c659 -> 
  custom:AudioImporter_EditorPlatform: d09bf68614088b80899f8185d706f6e7 -> 
  custom:video-encoder-webm-vp8: eb34c28f22e8b96e1ab97ce403110664 -> 
  custom:audio-decoder-ogg-vorbis: bf7c407c2cedff20999df2af8eb42d56 -> 
  custom:audio-encoder-webm-vorbis: bf7c407c2cedff20999df2af8eb42d56 -> 
========================================================================
Received Import Request.
  Time since last request: 55.705730 seconds.
  path: Assets/RPGMonsterPartnersPBRPolyart/Meshes
  artifactKey: Guid(19cb4cd73f6047eca6bb3bcb444e8b4a) Importer(815301076,1909f56bfc062723c751e8b465ee728b)
Start importing Assets/RPGMonsterPartnersPBRPolyart/Meshes using Guid(19cb4cd73f6047eca6bb3bcb444e8b4a) Importer(815301076,1909f56bfc062723c751e8b465ee728b)  -> (artifact id: 'f519030ab44f427565a28024d8aab3b3') in 0.002901 seconds
Number of updated asset objects reloaded before import = 0
Number of asset objects unloaded after import = 0
========================================================================
Received Import Request.
  Time since last request: 0.046188 seconds.
  path: Assets/RPGMonsterPartnersPBRPolyart/Meshes/StageMesh.fbx
  artifactKey: Guid(f98af4e422354eaa9e9b3e837f842984) Importer(815301076,1909f56bfc062723c751e8b465ee728b)
Start importing Assets/RPGMonsterPartnersPBRPolyart/Meshes/StageMesh.fbx using Guid(f98af4e422354eaa9e9b3e837f842984) Importer(815301076,1909f56bfc062723c751e8b465ee728b)  -> (artifact id: '4fee1524a7ba889615e432f4af430277') in 0.267310 seconds
Number of updated asset objects reloaded before import = 0
Number of asset objects unloaded after import = 7
========================================================================
Received Import Request.
  Time since last request: 1.127582 seconds.
  path: Assets/RPGMonsterPartnersPBRPolyart/Meshes/Character
  artifactKey: Guid(75fff21c7ac1482f83275842d5553e9a) Importer(815301076,1909f56bfc062723c751e8b465ee728b)
Start importing Assets/RPGMonsterPartnersPBRPolyart/Meshes/Character using Guid(75fff21c7ac1482f83275842d5553e9a) Importer(815301076,1909f56bfc062723c751e8b465ee728b)  -> (artifact id: '63bd7ec49791866683ebf006c0b85a77') in 0.000739 seconds
Number of updated asset objects reloaded before import = 0
Number of asset objects unloaded after import = 0
========================================================================
Received Import Request.
  Time since last request: 0.518951 seconds.
  path: Assets/RPGMonsterPartnersPBRPolyart/Meshes/Character/BeholderMesh.fbx
  artifactKey: Guid(b51ed164db424ea38696614fa639565a) Importer(815301076,1909f56bfc062723c751e8b465ee728b)
Start importing Assets/RPGMonsterPartnersPBRPolyart/Meshes/Character/BeholderMesh.fbx using Guid(b51ed164db424ea38696614fa639565a) Importer(815301076,1909f56bfc062723c751e8b465ee728b)  -> (artifact id: '9f47d3f22ba3cbd349347214b34df2e5') in 0.032605 seconds
Number of updated asset objects reloaded before import = 0
Number of asset objects unloaded after import = 102
========================================================================
Received Import Request.
  Time since last request: 0.000021 seconds.
  path: Assets/RPGMonsterPartnersPBRPolyart/Meshes/Character/BeholderPolyartMesh.fbx
  artifactKey: Guid(9e6376af45d044888914cb4041e67a21) Importer(815301076,1909f56bfc062723c751e8b465ee728b)
Start importing Assets/RPGMonsterPartnersPBRPolyart/Meshes/Character/BeholderPolyartMesh.fbx using Guid(9e6376af45d044888914cb4041e67a21) Importer(815301076,1909f56bfc062723c751e8b465ee728b)  -> (artifact id: 'a7d75b52a8c82ecdef0b9f8e50df1292') in 0.031865 seconds
Number of updated asset objects reloaded before import = 0
Number of asset objects unloaded after import = 102
========================================================================
Received Import Request.
  Time since last request: 0.000020 seconds.
  path: Assets/RPGMonsterPartnersPBRPolyart/Meshes/Character/ChestMonsterMesh.fbx
  artifactKey: Guid(379af92262f34e06ab580c86e8d7c6a6) Importer(815301076,1909f56bfc062723c751e8b465ee728b)
Start importing Assets/RPGMonsterPartnersPBRPolyart/Meshes/Character/ChestMonsterMesh.fbx using Guid(379af92262f34e06ab580c86e8d7c6a6) Importer(815301076,1909f56bfc062723c751e8b465ee728b)  -> (artifact id: '5dce1ed3942a5459c8a35a01ae7b083e') in 0.032351 seconds
Number of updated asset objects reloaded before import = 0
Number of asset objects unloaded after import = 54
========================================================================
Received Import Request.
  Time since last request: 0.000280 seconds.
  path: Assets/RPGMonsterPartnersPBRPolyart/Meshes/Character/ChestMonsterPolyartMesh.fbx
  artifactKey: Guid(05748777faed4b138a9efedfa00c10ad) Importer(815301076,1909f56bfc062723c751e8b465ee728b)
Start importing Assets/RPGMonsterPartnersPBRPolyart/Meshes/Character/ChestMonsterPolyartMesh.fbx using Guid(05748777faed4b138a9efedfa00c10ad) Importer(815301076,1909f56bfc062723c751e8b465ee728b)  -> (artifact id: '211b92c13d2d6982bfa2a46b3b51e933') in 0.029902 seconds
Number of updated asset objects reloaded before import = 0
Number of asset objects unloaded after import = 54
========================================================================
Received Import Request.
  Time since last request: 2.869381 seconds.
  path: Assets/RPGMonsterPartnersPBRPolyart/Animators
  artifactKey: Guid(f0681799af6b43689983d8c268a58d03) Importer(815301076,1909f56bfc062723c751e8b465ee728b)
Start importing Assets/RPGMonsterPartnersPBRPolyart/Animators using Guid(f0681799af6b43689983d8c268a58d03) Importer(815301076,1909f56bfc062723c751e8b465ee728b)  -> (artifact id: 'd6d315801b0905d58eade291fc4b5683') in 0.000771 seconds
Number of updated asset objects reloaded before import = 0
Number of asset objects unloaded after import = 0
========================================================================
Received Import Request.
  Time since last request: 1.929897 seconds.
  path: Assets/RPGMonsterPartnersPBRPolyart/Animations
  artifactKey: Guid(9d01df5a3d10466a8923e59055e1c8ad) Importer(815301076,1909f56bfc062723c751e8b465ee728b)
Start importing Assets/RPGMonsterPartnersPBRPolyart/Animations using Guid(9d01df5a3d10466a8923e59055e1c8ad) Importer(815301076,1909f56bfc062723c751e8b465ee728b)  -> (artifact id: 'ed9d699d40685168d61fb9a52cb7954d') in 0.000903 seconds
Number of updated asset objects reloaded before import = 0
Number of asset objects unloaded after import = 0
========================================================================
Received Import Request.
  Time since last request: 1.482643 seconds.
  path: Assets/RPGMonsterPartnersPBRPolyart/Animations/Chest Monster
  artifactKey: Guid(35f7e67fa0a649c29b7447e2bd254201) Importer(815301076,1909f56bfc062723c751e8b465ee728b)
Start importing Assets/RPGMonsterPartnersPBRPolyart/Animations/Chest Monster using Guid(35f7e67fa0a649c29b7447e2bd254201) Importer(815301076,1909f56bfc062723c751e8b465ee728b)  -> (artifact id: 'bb6e286987ff3c3e43ae4ccfc1e8f239') in 0.000933 seconds
Number of updated asset objects reloaded before import = 0
Number of asset objects unloaded after import = 0
========================================================================
Received Import Request.
  Time since last request: 0.080532 seconds.
  path: Assets/RPGMonsterPartnersPBRPolyart/Animations/Chest Monster/Attack01.fbx
  artifactKey: Guid(32d6e435bf004395b7be6f64caaf7990) Importer(815301076,1909f56bfc062723c751e8b465ee728b)
Start importing Assets/RPGMonsterPartnersPBRPolyart/Animations/Chest Monster/Attack01.fbx using Guid(32d6e435bf004395b7be6f64caaf7990) Importer(815301076,1909f56bfc062723c751e8b465ee728b)  -> (artifact id: 'b3f4b2486713acb7c21c237797cfaaff') in 0.061875 seconds
Number of updated asset objects reloaded before import = 0
Number of asset objects unloaded after import = 56
========================================================================
Received Import Request.
  Time since last request: 0.000025 seconds.
  path: Assets/RPGMonsterPartnersPBRPolyart/Animations/Chest Monster/Victory.fbx
  artifactKey: Guid(dd0e69b4e97448009cf1883ac275ba47) Importer(815301076,1909f56bfc062723c751e8b465ee728b)
Start importing Assets/RPGMonsterPartnersPBRPolyart/Animations/Chest Monster/Victory.fbx using Guid(dd0e69b4e97448009cf1883ac275ba47) Importer(815301076,1909f56bfc062723c751e8b465ee728b)  -> (artifact id: '9db6a9b68a88d631ae9ee0e22351a721') in 0.037491 seconds
Number of updated asset objects reloaded before import = 0
Number of asset objects unloaded after import = 56
========================================================================
Received Import Request.
  Time since last request: 0.000033 seconds.
  path: Assets/RPGMonsterPartnersPBRPolyart/Animations/Chest Monster/WalkFWD.fbx
  artifactKey: Guid(ff26e30db21e482dae66b0ebfa98c567) Importer(815301076,1909f56bfc062723c751e8b465ee728b)
Start importing Assets/RPGMonsterPartnersPBRPolyart/Animations/Chest Monster/WalkFWD.fbx using Guid(ff26e30db21e482dae66b0ebfa98c567) Importer(815301076,1909f56bfc062723c751e8b465ee728b)  -> (artifact id: '9eb3460a797b098d768b34c416a2b346') in 0.036116 seconds
Number of updated asset objects reloaded before import = 0
Number of asset objects unloaded after import = 56
========================================================================
Received Import Request.
  Time since last request: 0.000022 seconds.
  path: Assets/RPGMonsterPartnersPBRPolyart/Animations/Chest Monster/WalkLeft.fbx
  artifactKey: Guid(cccc265ec811479da0affd7da99cd480) Importer(815301076,1909f56bfc062723c751e8b465ee728b)
Start importing Assets/RPGMonsterPartnersPBRPolyart/Animations/Chest Monster/WalkLeft.fbx using Guid(cccc265ec811479da0affd7da99cd480) Importer(815301076,1909f56bfc062723c751e8b465ee728b)  -> (artifact id: '3f06be6bee499a57fce2e7cba4155d0f') in 0.037490 seconds
Number of updated asset objects reloaded before import = 0
Number of asset objects unloaded after import = 56
========================================================================
Received Import Request.
  Time since last request: 0.000021 seconds.
  path: Assets/RPGMonsterPartnersPBRPolyart/Animations/Chest Monster/IdleNormal.fbx
  artifactKey: Guid(a28ecc966e5f4b4a9b3f1cd429280ff0) Importer(815301076,1909f56bfc062723c751e8b465ee728b)
Start importing Assets/RPGMonsterPartnersPBRPolyart/Animations/Chest Monster/IdleNormal.fbx using Guid(a28ecc966e5f4b4a9b3f1cd429280ff0) Importer(815301076,1909f56bfc062723c751e8b465ee728b)  -> (artifact id: 'be9b9838a6fe44a0b6e75f8c9ffcc463') in 0.036672 seconds
Number of updated asset objects reloaded before import = 0
Number of asset objects unloaded after import = 56
========================================================================
Received Import Request.
  Time since last request: 0.000021 seconds.
  path: Assets/RPGMonsterPartnersPBRPolyart/Animations/Chest Monster/WalkRight.fbx
  artifactKey: Guid(da3985b52d1f49008126168e9d3ef2d7) Importer(815301076,1909f56bfc062723c751e8b465ee728b)
Start importing Assets/RPGMonsterPartnersPBRPolyart/Animations/Chest Monster/WalkRight.fbx using Guid(da3985b52d1f49008126168e9d3ef2d7) Importer(815301076,1909f56bfc062723c751e8b465ee728b)  -> (artifact id: 'ca8a87ab6c3ad22ea2d497d62854d7c8') in 0.036481 seconds
Number of updated asset objects reloaded before import = 0
Number of asset objects unloaded after import = 56
========================================================================
Received Import Request.
  Time since last request: 0.000021 seconds.
  path: Assets/RPGMonsterPartnersPBRPolyart/Animations/Chest Monster/SenseSomethingST.fbx
  artifactKey: Guid(602f2a3e8cb44416896ff89d5585d5c1) Importer(815301076,1909f56bfc062723c751e8b465ee728b)
Start importing Assets/RPGMonsterPartnersPBRPolyart/Animations/Chest Monster/SenseSomethingST.fbx using Guid(602f2a3e8cb44416896ff89d5585d5c1) Importer(815301076,1909f56bfc062723c751e8b465ee728b)  -> (artifact id: '7c764ccaa23147251f6a4bc96f126e8f') in 0.035092 seconds
Number of updated asset objects reloaded before import = 0
Number of asset objects unloaded after import = 56
========================================================================
Received Import Request.
  Time since last request: 0.000023 seconds.
  path: Assets/RPGMonsterPartnersPBRPolyart/Animations/Chest Monster/SenseSomethingRPT.fbx
  artifactKey: Guid(dabfc1c88dd8497d90a056f9c9bc27bf) Importer(815301076,1909f56bfc062723c751e8b465ee728b)
Start importing Assets/RPGMonsterPartnersPBRPolyart/Animations/Chest Monster/SenseSomethingRPT.fbx using Guid(dabfc1c88dd8497d90a056f9c9bc27bf) Importer(815301076,1909f56bfc062723c751e8b465ee728b)  -> (artifact id: '836481437e4c993dfce08eb2fbcc769c') in 0.036752 seconds
Number of updated asset objects reloaded before import = 0
Number of asset objects unloaded after import = 56
========================================================================
Received Import Request.
  Time since last request: 0.000024 seconds.
  path: Assets/RPGMonsterPartnersPBRPolyart/Animations/Chest Monster/Attack02.fbx
  artifactKey: Guid(5b33c2484afa4b3da7b4c506c0395b8d) Importer(815301076,1909f56bfc062723c751e8b465ee728b)
Start importing Assets/RPGMonsterPartnersPBRPolyart/Animations/Chest Monster/Attack02.fbx using Guid(5b33c2484afa4b3da7b4c506c0395b8d) Importer(815301076,1909f56bfc062723c751e8b465ee728b)  -> (artifact id: 'df370b1e310c2062eddc6d938a1412e9') in 0.035643 seconds
Number of updated asset objects reloaded before import = 0
Number of asset objects unloaded after import = 56
========================================================================
Received Import Request.
  Time since last request: 0.000031 seconds.
  path: Assets/RPGMonsterPartnersPBRPolyart/Animations/Chest Monster/Die.fbx
  artifactKey: Guid(83b8ba7bebe24a30a3f875bd9bdf9654) Importer(815301076,1909f56bfc062723c751e8b465ee728b)
Start importing Assets/RPGMonsterPartnersPBRPolyart/Animations/Chest Monster/Die.fbx using Guid(83b8ba7bebe24a30a3f875bd9bdf9654) Importer(815301076,1909f56bfc062723c751e8b465ee728b)  -> (artifact id: '20b94c9ab7146371a40060daf1afc846') in 0.036031 seconds
Number of updated asset objects reloaded before import = 0
Number of asset objects unloaded after import = 56
========================================================================
Received Import Request.
  Time since last request: 0.000021 seconds.
  path: Assets/RPGMonsterPartnersPBRPolyart/Animations/Chest Monster/Dizzy.fbx
  artifactKey: Guid(4e5ee5185bfb4bd58ccc596ae9303b68) Importer(815301076,1909f56bfc062723c751e8b465ee728b)
Start importing Assets/RPGMonsterPartnersPBRPolyart/Animations/Chest Monster/Dizzy.fbx using Guid(4e5ee5185bfb4bd58ccc596ae9303b68) Importer(815301076,1909f56bfc062723c751e8b465ee728b)  -> (artifact id: 'f72286df0a1fbfa00beb01dac044e6e6') in 0.036096 seconds
Number of updated asset objects reloaded before import = 0
Number of asset objects unloaded after import = 56
========================================================================
Received Import Request.
  Time since last request: 0.000021 seconds.
  path: Assets/RPGMonsterPartnersPBRPolyart/Animations/Chest Monster/GetHit.fbx
  artifactKey: Guid(01773f3817f44e90aa2efb15541af37a) Importer(815301076,1909f56bfc062723c751e8b465ee728b)
Start importing Assets/RPGMonsterPartnersPBRPolyart/Animations/Chest Monster/GetHit.fbx using Guid(01773f3817f44e90aa2efb15541af37a) Importer(815301076,1909f56bfc062723c751e8b465ee728b)  -> (artifact id: '488985836c94327c46bfb7fb14b966d7') in 0.035703 seconds
Number of updated asset objects reloaded before import = 0
Number of asset objects unloaded after import = 56
========================================================================
Received Import Request.
  Time since last request: 0.000021 seconds.
  path: Assets/RPGMonsterPartnersPBRPolyart/Animations/Chest Monster/IdleChest.fbx
  artifactKey: Guid(e09bb80dc48c401499bb50756f0e0ef7) Importer(815301076,1909f56bfc062723c751e8b465ee728b)
Start importing Assets/RPGMonsterPartnersPBRPolyart/Animations/Chest Monster/IdleChest.fbx using Guid(e09bb80dc48c401499bb50756f0e0ef7) Importer(815301076,1909f56bfc062723c751e8b465ee728b)  -> (artifact id: 'd793c0f9873d1e771f97bd13831b9702') in 0.035548 seconds
Number of updated asset objects reloaded before import = 0
Number of asset objects unloaded after import = 56
========================================================================
Received Import Request.
  Time since last request: 0.000021 seconds.
  path: Assets/RPGMonsterPartnersPBRPolyart/Animations/Chest Monster/IdleBattle.fbx
  artifactKey: Guid(fc75239132e64afea9d693926f05dd40) Importer(815301076,1909f56bfc062723c751e8b465ee728b)
Start importing Assets/RPGMonsterPartnersPBRPolyart/Animations/Chest Monster/IdleBattle.fbx using Guid(fc75239132e64afea9d693926f05dd40) Importer(815301076,1909f56bfc062723c751e8b465ee728b)  -> (artifact id: 'f1c58d45e7bea81f0d953594c43eea59') in 0.036564 seconds
Number of updated asset objects reloaded before import = 0
Number of asset objects unloaded after import = 56
========================================================================
Received Import Request.
  Time since last request: 0.000023 seconds.
  path: Assets/RPGMonsterPartnersPBRPolyart/Animations/Chest Monster/Run.fbx
  artifactKey: Guid(9484889ca71f47daa5169249032175d9) Importer(815301076,1909f56bfc062723c751e8b465ee728b)
Start importing Assets/RPGMonsterPartnersPBRPolyart/Animations/Chest Monster/Run.fbx using Guid(9484889ca71f47daa5169249032175d9) Importer(815301076,1909f56bfc062723c751e8b465ee728b)  -> (artifact id: '5db59161e02544c63164d07a1f50a935') in 0.034878 seconds
Number of updated asset objects reloaded before import = 0
Number of asset objects unloaded after import = 56
========================================================================
Received Import Request.
  Time since last request: 0.000065 seconds.
  path: Assets/RPGMonsterPartnersPBRPolyart/Animations/Chest Monster/Taunting.fbx
  artifactKey: Guid(e943c6f11a6e4c188a52f8d8126d3979) Importer(815301076,1909f56bfc062723c751e8b465ee728b)
Start importing Assets/RPGMonsterPartnersPBRPolyart/Animations/Chest Monster/Taunting.fbx using Guid(e943c6f11a6e4c188a52f8d8126d3979) Importer(815301076,1909f56bfc062723c751e8b465ee728b)  -> (artifact id: 'b8724d23e2eb249f2a29ba5af01f40ac') in 0.036196 seconds
Number of updated asset objects reloaded before import = 0
Number of asset objects unloaded after import = 56
========================================================================
Received Import Request.
  Time since last request: 0.000020 seconds.
  path: Assets/RPGMonsterPartnersPBRPolyart/Animations/Chest Monster/WalkBWD.fbx
  artifactKey: Guid(5bee5d702d3c434790d652b78f183498) Importer(815301076,1909f56bfc062723c751e8b465ee728b)
Start importing Assets/RPGMonsterPartnersPBRPolyart/Animations/Chest Monster/WalkBWD.fbx using Guid(5bee5d702d3c434790d652b78f183498) Importer(815301076,1909f56bfc062723c751e8b465ee728b)  -> (artifact id: '1cf08f64789d655a020e81a8be3ef25d') in 0.037064 seconds
Number of updated asset objects reloaded before import = 0
Number of asset objects unloaded after import = 56
========================================================================
Received Import Request.
  Time since last request: 1.560678 seconds.
  path: Assets/RPGMonsterPartnersPBRPolyart/Animations/Beholder
  artifactKey: Guid(fcf8d8841f4143e2a755753105245cc0) Importer(815301076,1909f56bfc062723c751e8b465ee728b)
Start importing Assets/RPGMonsterPartnersPBRPolyart/Animations/Beholder using Guid(fcf8d8841f4143e2a755753105245cc0) Importer(815301076,1909f56bfc062723c751e8b465ee728b)  -> (artifact id: 'a12fdb0c0927646a7fa0022164ce617d') in 0.000748 seconds
Number of updated asset objects reloaded before import = 0
Number of asset objects unloaded after import = 0
========================================================================
Received Import Request.
  Time since last request: 0.053909 seconds.
  path: Assets/RPGMonsterPartnersPBRPolyart/Animations/Beholder/Attack01.fbx
  artifactKey: Guid(a5aa3ce397c24155845dba13bc634b36) Importer(815301076,1909f56bfc062723c751e8b465ee728b)
Start importing Assets/RPGMonsterPartnersPBRPolyart/Animations/Beholder/Attack01.fbx using Guid(a5aa3ce397c24155845dba13bc634b36) Importer(815301076,1909f56bfc062723c751e8b465ee728b)  -> (artifact id: '03227c953610ef0919faa8ad36c051a1') in 0.031787 seconds
Number of updated asset objects reloaded before import = 0
Number of asset objects unloaded after import = 103
========================================================================
Received Import Request.
  Time since last request: 0.000022 seconds.
  path: Assets/RPGMonsterPartnersPBRPolyart/Animations/Beholder/Attack02ST.fbx
  artifactKey: Guid(0be5f44ec700489faeb0ae9c20edd329) Importer(815301076,1909f56bfc062723c751e8b465ee728b)
Start importing Assets/RPGMonsterPartnersPBRPolyart/Animations/Beholder/Attack02ST.fbx using Guid(0be5f44ec700489faeb0ae9c20edd329) Importer(815301076,1909f56bfc062723c751e8b465ee728b)  -> (artifact id: '22bbbe99392e35523bb9e4bd9ee38207') in 0.033397 seconds
Number of updated asset objects reloaded before import = 0
Number of asset objects unloaded after import = 103
========================================================================
Received Import Request.
  Time since last request: 0.000023 seconds.
  path: Assets/RPGMonsterPartnersPBRPolyart/Animations/Beholder/WalkRight.fbx
  artifactKey: Guid(a7cad4d48bb74c28b10c007d2f1a1a57) Importer(815301076,1909f56bfc062723c751e8b465ee728b)
Start importing Assets/RPGMonsterPartnersPBRPolyart/Animations/Beholder/WalkRight.fbx using Guid(a7cad4d48bb74c28b10c007d2f1a1a57) Importer(815301076,1909f56bfc062723c751e8b465ee728b)  -> (artifact id: '82afbb7bed885efb6926663708781502') in 0.031904 seconds
Number of updated asset objects reloaded before import = 0
Number of asset objects unloaded after import = 103
========================================================================
Received Import Request.
  Time since last request: 0.000021 seconds.
  path: Assets/RPGMonsterPartnersPBRPolyart/Animations/Beholder/Attack03.fbx
  artifactKey: Guid(e9a3d959a28a4f02940e36a70434d669) Importer(815301076,1909f56bfc062723c751e8b465ee728b)
Start importing Assets/RPGMonsterPartnersPBRPolyart/Animations/Beholder/Attack03.fbx using Guid(e9a3d959a28a4f02940e36a70434d669) Importer(815301076,1909f56bfc062723c751e8b465ee728b)  -> (artifact id: 'd1399c3965ae95933d6a64644fc04446') in 0.030097 seconds
Number of updated asset objects reloaded before import = 0
Number of asset objects unloaded after import = 103
========================================================================
Received Import Request.
  Time since last request: 0.000021 seconds.
  path: Assets/RPGMonsterPartnersPBRPolyart/Animations/Beholder/GetHit.fbx
  artifactKey: Guid(13049e370384471a857e55bf2ab6c1aa) Importer(815301076,1909f56bfc062723c751e8b465ee728b)
Start importing Assets/RPGMonsterPartnersPBRPolyart/Animations/Beholder/GetHit.fbx using Guid(13049e370384471a857e55bf2ab6c1aa) Importer(815301076,1909f56bfc062723c751e8b465ee728b)  -> (artifact id: '487e184868e15edbee11b35c59be67d2') in 0.030752 seconds
Number of updated asset objects reloaded before import = 0
Number of asset objects unloaded after import = 103
========================================================================
Received Import Request.
  Time since last request: 0.000024 seconds.
  path: Assets/RPGMonsterPartnersPBRPolyart/Animations/Beholder/Dizzy.fbx
  artifactKey: Guid(f5318de752e94abe8168f58f4ee66c60) Importer(815301076,1909f56bfc062723c751e8b465ee728b)
Start importing Assets/RPGMonsterPartnersPBRPolyart/Animations/Beholder/Dizzy.fbx using Guid(f5318de752e94abe8168f58f4ee66c60) Importer(815301076,1909f56bfc062723c751e8b465ee728b)  -> (artifact id: 'a77a3de3f938eea8fb1d1acbeeac3e91') in 0.030562 seconds
Number of updated asset objects reloaded before import = 0
Number of asset objects unloaded after import = 103
========================================================================
Received Import Request.
  Time since last request: 0.000033 seconds.
  path: Assets/RPGMonsterPartnersPBRPolyart/Animations/Beholder/WalkBWD.fbx
  artifactKey: Guid(7953a0170772403d9a06d99da5da62b3) Importer(815301076,1909f56bfc062723c751e8b465ee728b)
Start importing Assets/RPGMonsterPartnersPBRPolyart/Animations/Beholder/WalkBWD.fbx using Guid(7953a0170772403d9a06d99da5da62b3) Importer(815301076,1909f56bfc062723c751e8b465ee728b)  -> (artifact id: '99f4cc2919cd32e2359d1e0d51c5f92b') in 0.032354 seconds
Number of updated asset objects reloaded before import = 0
Number of asset objects unloaded after import = 103
========================================================================
Received Import Request.
  Time since last request: 0.000027 seconds.
  path: Assets/RPGMonsterPartnersPBRPolyart/Animations/Beholder/IdleNormal.fbx
  artifactKey: Guid(1125a2cce46b489590671831483c9b9f) Importer(815301076,1909f56bfc062723c751e8b465ee728b)
Start importing Assets/RPGMonsterPartnersPBRPolyart/Animations/Beholder/IdleNormal.fbx using Guid(1125a2cce46b489590671831483c9b9f) Importer(815301076,1909f56bfc062723c751e8b465ee728b)  -> (artifact id: 'b3ab3422f98a661aed13ff13c277f00c') in 0.031503 seconds
Number of updated asset objects reloaded before import = 0
Number of asset objects unloaded after import = 103
========================================================================
Received Import Request.
  Time since last request: 0.000022 seconds.
  path: Assets/RPGMonsterPartnersPBRPolyart/Animations/Beholder/WalkLeft.fbx
  artifactKey: Guid(f3218c7d816040de9b9bcfe80d5f77f3) Importer(815301076,1909f56bfc062723c751e8b465ee728b)
Start importing Assets/RPGMonsterPartnersPBRPolyart/Animations/Beholder/WalkLeft.fbx using Guid(f3218c7d816040de9b9bcfe80d5f77f3) Importer(815301076,1909f56bfc062723c751e8b465ee728b)  -> (artifact id: 'ed9d8cc17a9d304a2a217309f892167b') in 0.031568 seconds
Number of updated asset objects reloaded before import = 0
Number of asset objects unloaded after import = 103
========================================================================
Received Import Request.
  Time since last request: 0.000022 seconds.
  path: Assets/RPGMonsterPartnersPBRPolyart/Animations/Beholder/SenseSomethingST.fbx
  artifactKey: Guid(610942b5765c4d52839530334e6bc57a) Importer(815301076,1909f56bfc062723c751e8b465ee728b)
Start importing Assets/RPGMonsterPartnersPBRPolyart/Animations/Beholder/SenseSomethingST.fbx using Guid(610942b5765c4d52839530334e6bc57a) Importer(815301076,1909f56bfc062723c751e8b465ee728b)  -> (artifact id: 'd3f876395ee07094c39fdcf64d591330') in 0.031575 seconds
Number of updated asset objects reloaded before import = 0
Number of asset objects unloaded after import = 103
========================================================================
Received Import Request.
  Time since last request: 0.000021 seconds.
  path: Assets/RPGMonsterPartnersPBRPolyart/Animations/Beholder/Taunting.fbx
  artifactKey: Guid(7a2c4609e61b43348d3f222904e09986) Importer(815301076,1909f56bfc062723c751e8b465ee728b)
Start importing Assets/RPGMonsterPartnersPBRPolyart/Animations/Beholder/Taunting.fbx using Guid(7a2c4609e61b43348d3f222904e09986) Importer(815301076,1909f56bfc062723c751e8b465ee728b)  -> (artifact id: '73896494f2ad1d3b4f3380b531239115') in 0.030562 seconds
Number of updated asset objects reloaded before import = 0
Number of asset objects unloaded after import = 103
========================================================================
Received Import Request.
  Time since last request: 0.000022 seconds.
  path: Assets/RPGMonsterPartnersPBRPolyart/Animations/Beholder/Die.fbx
  artifactKey: Guid(97c47bfed40c4af58abfab0182f75594) Importer(815301076,1909f56bfc062723c751e8b465ee728b)
Start importing Assets/RPGMonsterPartnersPBRPolyart/Animations/Beholder/Die.fbx using Guid(97c47bfed40c4af58abfab0182f75594) Importer(815301076,1909f56bfc062723c751e8b465ee728b)  -> (artifact id: 'a29c00a1f4091ed98a3efeb1f951c147') in 0.032186 seconds
Number of updated asset objects reloaded before import = 0
Number of asset objects unloaded after import = 103
========================================================================
Received Import Request.
  Time since last request: 0.000036 seconds.
  path: Assets/RPGMonsterPartnersPBRPolyart/Animations/Beholder/Run.fbx
  artifactKey: Guid(cabb129121944e2dbd3866b6deba6b9d) Importer(815301076,1909f56bfc062723c751e8b465ee728b)
Start importing Assets/RPGMonsterPartnersPBRPolyart/Animations/Beholder/Run.fbx using Guid(cabb129121944e2dbd3866b6deba6b9d) Importer(815301076,1909f56bfc062723c751e8b465ee728b)  -> (artifact id: '8c9082e2ec3f6ac0b1585bda2d646e92') in 0.030842 seconds
Number of updated asset objects reloaded before import = 0
Number of asset objects unloaded after import = 103
========================================================================
Received Import Request.
  Time since last request: 0.000025 seconds.
  path: Assets/RPGMonsterPartnersPBRPolyart/Animations/Beholder/Victory.fbx
  artifactKey: Guid(1c2ecb4377f24515b2f4b59872645590) Importer(815301076,1909f56bfc062723c751e8b465ee728b)
Start importing Assets/RPGMonsterPartnersPBRPolyart/Animations/Beholder/Victory.fbx using Guid(1c2ecb4377f24515b2f4b59872645590) Importer(815301076,1909f56bfc062723c751e8b465ee728b)  -> (artifact id: '26fd0c95b87eae81db76d480e92a1d0e') in 0.031006 seconds
Number of updated asset objects reloaded before import = 0
Number of asset objects unloaded after import = 103
========================================================================
Received Import Request.
  Time since last request: 0.000065 seconds.
  path: Assets/RPGMonsterPartnersPBRPolyart/Animations/Beholder/Attack02RPT.fbx
  artifactKey: Guid(b1522de0f5934d5a8f7086ec995cab43) Importer(815301076,1909f56bfc062723c751e8b465ee728b)
Start importing Assets/RPGMonsterPartnersPBRPolyart/Animations/Beholder/Attack02RPT.fbx using Guid(b1522de0f5934d5a8f7086ec995cab43) Importer(815301076,1909f56bfc062723c751e8b465ee728b)  -> (artifact id: '1056bd1c8f41a3620799ea290ab2296d') in 0.031689 seconds
Number of updated asset objects reloaded before import = 0
Number of asset objects unloaded after import = 103
========================================================================
Received Import Request.
  Time since last request: 0.000021 seconds.
  path: Assets/RPGMonsterPartnersPBRPolyart/Animations/Beholder/SenseSomethingRPT.fbx
  artifactKey: Guid(26ecc7bbdaba43e5b1528fd25d1ba888) Importer(815301076,1909f56bfc062723c751e8b465ee728b)
Start importing Assets/RPGMonsterPartnersPBRPolyart/Animations/Beholder/SenseSomethingRPT.fbx using Guid(26ecc7bbdaba43e5b1528fd25d1ba888) Importer(815301076,1909f56bfc062723c751e8b465ee728b)  -> (artifact id: '1d3407faa8fa5f3ea61f0b404b484f29') in 0.032292 seconds
Number of updated asset objects reloaded before import = 0
Number of asset objects unloaded after import = 103
========================================================================
Received Import Request.
  Time since last request: 0.000021 seconds.
  path: Assets/RPGMonsterPartnersPBRPolyart/Animations/Beholder/IdleBattle.fbx
  artifactKey: Guid(d7a9297b2394411eb911484794b32687) Importer(815301076,1909f56bfc062723c751e8b465ee728b)
Start importing Assets/RPGMonsterPartnersPBRPolyart/Animations/Beholder/IdleBattle.fbx using Guid(d7a9297b2394411eb911484794b32687) Importer(815301076,1909f56bfc062723c751e8b465ee728b)  -> (artifact id: '635837012a67c8fc5ca9939c6f582afc') in 0.032400 seconds
Number of updated asset objects reloaded before import = 0
Number of asset objects unloaded after import = 103
========================================================================
Received Import Request.
  Time since last request: 0.000023 seconds.
  path: Assets/RPGMonsterPartnersPBRPolyart/Animations/Beholder/WalkFWD.fbx
  artifactKey: Guid(38b0b6ad62ca4f8fa72ac537c889c8dc) Importer(815301076,1909f56bfc062723c751e8b465ee728b)
Start importing Assets/RPGMonsterPartnersPBRPolyart/Animations/Beholder/WalkFWD.fbx using Guid(38b0b6ad62ca4f8fa72ac537c889c8dc) Importer(815301076,1909f56bfc062723c751e8b465ee728b)  -> (artifact id: '1f5d5e64941e1b43dc1c24d999fb2c48') in 0.031176 seconds
Number of updated asset objects reloaded before import = 0
Number of asset objects unloaded after import = 103
========================================================================
Received Import Request.
  Time since last request: 4.771377 seconds.
  path: Assets/RPGMonsterPartnersPBRPolyart/Scenes
  artifactKey: Guid(fba574cd2b5e45ebb81d36c44a548a3c) Importer(815301076,1909f56bfc062723c751e8b465ee728b)
Start importing Assets/RPGMonsterPartnersPBRPolyart/Scenes using Guid(fba574cd2b5e45ebb81d36c44a548a3c) Importer(815301076,1909f56bfc062723c751e8b465ee728b)  -> (artifact id: '98ddbfe1173661294203c00dcb70a83b') in 0.000775 seconds
Number of updated asset objects reloaded before import = 0
Number of asset objects unloaded after import = 0
========================================================================
Received Import Request.
  Time since last request: 1.693585 seconds.
  path: Assets/RPGMonsterPartnersPBRPolyart/Scenes/PBRDefault.unity
  artifactKey: Guid(81b2335cbef1418cb12a0121425ca8d5) Importer(815301076,1909f56bfc062723c751e8b465ee728b)
Start importing Assets/RPGMonsterPartnersPBRPolyart/Scenes/PBRDefault.unity using Guid(81b2335cbef1418cb12a0121425ca8d5) Importer(815301076,1909f56bfc062723c751e8b465ee728b)  -> (artifact id: 'f2b85e6093722a2b0e8c92634afea9e1') in 0.000757 seconds
Number of updated asset objects reloaded before import = 0
Number of asset objects unloaded after import = 0
========================================================================
Received Import Request.
  Time since last request: 12.293661 seconds.
  path: Assets/RPGMonsterPartnersPBRPolyart/Scenes/PolyartDefault.unity
  artifactKey: Guid(00c8cb46c27044f3ae97e2b89653b2f3) Importer(815301076,1909f56bfc062723c751e8b465ee728b)
Start importing Assets/RPGMonsterPartnersPBRPolyart/Scenes/PolyartDefault.unity using Guid(00c8cb46c27044f3ae97e2b89653b2f3) Importer(815301076,1909f56bfc062723c751e8b465ee728b)  -> (artifact id: '12068c75415d4f82e2e6008c3fdf63cc') in 0.000782 seconds
Number of updated asset objects reloaded before import = 0
Number of asset objects unloaded after import = 0
========================================================================
Received Prepare
Begin MonoManager ReloadAssembly
- Loaded All Assemblies, in  0.624 seconds
Refreshing native plugins compatible for Editor in 6.57 ms, found 6 plugins.
Native extension for WindowsStandalone target not found
Native extension for Android target not found
[Package Manager] Server::EnsureServerProcessIsRunning -- launch failed, reason: Unity was launched with the -noUpm command-line argument
[Package Manager] UpmClient::Send -- Unable to send message (not connected to UPM process).
[Package Manager] Cannot connect to Unity Package Manager local server
Mono: successfully reloaded assembly
- Finished resetting the current domain, in  1.838 seconds
Domain Reload Profiling: 2457ms
	BeginReloadAssembly (212ms)
		ExecutionOrderSort (0ms)
		DisableScriptedObjects (7ms)
		BackupInstance (0ms)
		ReleaseScriptingObjects (0ms)
		CreateAndSetChildDomain (44ms)
	RebuildCommonClasses (48ms)
	RebuildNativeTypeToScriptingClass (18ms)
	initialDomainReloadingComplete (43ms)
	LoadAllAssembliesAndSetupDomain (298ms)
		LoadAssemblies (401ms)
		RebuildTransferFunctionScriptingTraits (0ms)
		AnalyzeDomain (18ms)
			TypeCache.Refresh (7ms)
				TypeCache.ScanAssembly (0ms)
			ScanForSourceGeneratedMonoScriptInfo (0ms)
			ResolveRequiredComponents (10ms)
	FinalizeReload (1839ms)
		ReleaseScriptCaches (0ms)
		RebuildScriptCaches (0ms)
		SetupLoadedEditorAssemblies (820ms)
			LogAssemblyErrors (0ms)
			InitializePlatformSupportModulesInManaged (47ms)
			SetLoadedEditorAssemblies (8ms)
			RefreshPlugins (0ms)
			BeforeProcessingInitializeOnLoad (135ms)
			ProcessInitializeOnLoadAttributes (577ms)
			ProcessInitializeOnLoadMethodAttributes (38ms)
			AfterProcessingInitializeOnLoad (15ms)
			EditorAssembliesLoaded (0ms)
		ExecutionOrderSort2 (0ms)
		AwakeInstancesAfterBackupRestoration (12ms)
Refreshing native plugins compatible for Editor in 8.81 ms, found 6 plugins.
Preloading 0 native plugins for Editor in 0.00 ms.
Unloading 3543 Unused Serialized files (Serialized files now loaded: 0)
Unloading 77 unused Assets / (4.3 MB). Loaded Objects now: 4116.
Memory consumption went from 165.7 MB to 161.4 MB.
Total: 6.668900 ms (FindLiveObjects: 0.385200 ms CreateObjectMapping: 0.402400 ms MarkObjects: 4.134600 ms  DeleteObjects: 1.745400 ms)

Prepare: number of updated asset objects reloaded= 0
AssetImportParameters requested are different than current active one (requested -> active):
  custom:container-demuxer-ogg: 62fdf1f143b41e24485cea50d1cbac27 -> 
  custom:video-decoder-ogg-theora: a1e56fd34408186e4bbccfd4996cb3dc -> 
  custom:framework-win-MediaFoundation: 216162199b28c13a410421893ffa2e32 -> 
  custom:CustomObjectIndexerAttribute: 9a22284fe3817be447336de3de66b15e -> 
  custom:container-demuxer-webm: 4f35f7cbe854078d1ac9338744f61a02 -> 
  custom:container-muxer-webm: aa71ff27fc2769a1b78a27578f13a17b -> 
  custom:video-decoder-webm-vp8: 9c59270c3fd7afecdb556c50c9e8de78 -> 
  custom:SearchIndexIgnoredProperties: e643bd26f0fe6173181afceb89e7c659 -> 
  custom:AudioImporter_EditorPlatform: d09bf68614088b80899f8185d706f6e7 -> 
  custom:video-encoder-webm-vp8: eb34c28f22e8b96e1ab97ce403110664 -> 
  custom:audio-decoder-ogg-vorbis: bf7c407c2cedff20999df2af8eb42d56 -> 
  custom:audio-encoder-webm-vorbis: bf7c407c2cedff20999df2af8eb42d56 -> 
========================================================================
Received Prepare
Begin MonoManager ReloadAssembly
- Loaded All Assemblies, in  0.614 seconds
Refreshing native plugins compatible for Editor in 6.45 ms, found 6 plugins.
Native extension for WindowsStandalone target not found
Native extension for Android target not found
[Package Manager] Server::EnsureServerProcessIsRunning -- launch failed, reason: Unity was launched with the -noUpm command-line argument
[Package Manager] UpmClient::Send -- Unable to send message (not connected to UPM process).
[Package Manager] Cannot connect to Unity Package Manager local server
Mono: successfully reloaded assembly
- Finished resetting the current domain, in  1.787 seconds
Domain Reload Profiling: 2397ms
	BeginReloadAssembly (208ms)
		ExecutionOrderSort (0ms)
		DisableScriptedObjects (8ms)
		BackupInstance (0ms)
		ReleaseScriptingObjects (0ms)
		CreateAndSetChildDomain (42ms)
	RebuildCommonClasses (49ms)
	RebuildNativeTypeToScriptingClass (17ms)
	initialDomainReloadingComplete (42ms)
	LoadAllAssembliesAndSetupDomain (292ms)
		LoadAssemblies (391ms)
		RebuildTransferFunctionScriptingTraits (0ms)
		AnalyzeDomain (18ms)
			TypeCache.Refresh (7ms)
				TypeCache.ScanAssembly (0ms)
			ScanForSourceGeneratedMonoScriptInfo (0ms)
			ResolveRequiredComponents (10ms)
	FinalizeReload (1788ms)
		ReleaseScriptCaches (0ms)
		RebuildScriptCaches (0ms)
		SetupLoadedEditorAssemblies (805ms)
			LogAssemblyErrors (0ms)
			InitializePlatformSupportModulesInManaged (48ms)
			SetLoadedEditorAssemblies (8ms)
			RefreshPlugins (0ms)
			BeforeProcessingInitializeOnLoad (119ms)
			ProcessInitializeOnLoadAttributes (578ms)
			ProcessInitializeOnLoadMethodAttributes (38ms)
			AfterProcessingInitializeOnLoad (15ms)
			EditorAssembliesLoaded (1ms)
		ExecutionOrderSort2 (0ms)
		AwakeInstancesAfterBackupRestoration (11ms)
Refreshing native plugins compatible for Editor in 8.80 ms, found 6 plugins.
Preloading 0 native plugins for Editor in 0.00 ms.
Unloading 3543 Unused Serialized files (Serialized files now loaded: 0)
Unloading 77 unused Assets / (4.3 MB). Loaded Objects now: 4131.
Memory consumption went from 167.6 MB to 163.3 MB.
Total: 7.173400 ms (FindLiveObjects: 0.513800 ms CreateObjectMapping: 0.498600 ms MarkObjects: 4.299800 ms  DeleteObjects: 1.859700 ms)

Prepare: number of updated asset objects reloaded= 0
AssetImportParameters requested are different than current active one (requested -> active):
  custom:container-demuxer-ogg: 62fdf1f143b41e24485cea50d1cbac27 -> 
  custom:video-decoder-ogg-theora: a1e56fd34408186e4bbccfd4996cb3dc -> 
  custom:framework-win-MediaFoundation: 216162199b28c13a410421893ffa2e32 -> 
  custom:CustomObjectIndexerAttribute: 9a22284fe3817be447336de3de66b15e -> 
  custom:container-demuxer-webm: 4f35f7cbe854078d1ac9338744f61a02 -> 
  custom:container-muxer-webm: aa71ff27fc2769a1b78a27578f13a17b -> 
  custom:video-decoder-webm-vp8: 9c59270c3fd7afecdb556c50c9e8de78 -> 
  custom:SearchIndexIgnoredProperties: e643bd26f0fe6173181afceb89e7c659 -> 
  custom:AudioImporter_EditorPlatform: d09bf68614088b80899f8185d706f6e7 -> 
  custom:video-encoder-webm-vp8: eb34c28f22e8b96e1ab97ce403110664 -> 
  custom:audio-decoder-ogg-vorbis: bf7c407c2cedff20999df2af8eb42d56 -> 
  custom:audio-encoder-webm-vorbis: bf7c407c2cedff20999df2af8eb42d56 -> 
========================================================================
Received Prepare
Begin MonoManager ReloadAssembly
- Loaded All Assemblies, in  0.629 seconds
Refreshing native plugins compatible for Editor in 6.51 ms, found 6 plugins.
Native extension for WindowsStandalone target not found
Native extension for Android target not found
[Package Manager] Server::EnsureServerProcessIsRunning -- launch failed, reason: Unity was launched with the -noUpm command-line argument
[Package Manager] UpmClient::Send -- Unable to send message (not connected to UPM process).
[Package Manager] Cannot connect to Unity Package Manager local server
Mono: successfully reloaded assembly
- Finished resetting the current domain, in  1.824 seconds
Domain Reload Profiling: 2449ms
	BeginReloadAssembly (217ms)
		ExecutionOrderSort (0ms)
		DisableScriptedObjects (8ms)
		BackupInstance (0ms)
		ReleaseScriptingObjects (0ms)
		CreateAndSetChildDomain (43ms)
	RebuildCommonClasses (48ms)
	RebuildNativeTypeToScriptingClass (18ms)
	initialDomainReloadingComplete (43ms)
	LoadAllAssembliesAndSetupDomain (298ms)
		LoadAssemblies (405ms)
		RebuildTransferFunctionScriptingTraits (0ms)
		AnalyzeDomain (18ms)
			TypeCache.Refresh (7ms)
				TypeCache.ScanAssembly (0ms)
			ScanForSourceGeneratedMonoScriptInfo (0ms)
			ResolveRequiredComponents (10ms)
	FinalizeReload (1825ms)
		ReleaseScriptCaches (0ms)
		RebuildScriptCaches (0ms)
		SetupLoadedEditorAssemblies (808ms)
			LogAssemblyErrors (0ms)
			InitializePlatformSupportModulesInManaged (48ms)
			SetLoadedEditorAssemblies (8ms)
			RefreshPlugins (0ms)
			BeforeProcessingInitializeOnLoad (118ms)
			ProcessInitializeOnLoadAttributes (580ms)
			ProcessInitializeOnLoadMethodAttributes (38ms)
			AfterProcessingInitializeOnLoad (15ms)
			EditorAssembliesLoaded (1ms)
		ExecutionOrderSort2 (0ms)
		AwakeInstancesAfterBackupRestoration (11ms)
Refreshing native plugins compatible for Editor in 9.27 ms, found 6 plugins.
Preloading 0 native plugins for Editor in 0.00 ms.
Unloading 3543 Unused Serialized files (Serialized files now loaded: 0)
Unloading 77 unused Assets / (4.3 MB). Loaded Objects now: 4146.
Memory consumption went from 169.6 MB to 165.2 MB.
Total: 6.633400 ms (FindLiveObjects: 0.348500 ms CreateObjectMapping: 0.256900 ms MarkObjects: 4.093800 ms  DeleteObjects: 1.932700 ms)

Prepare: number of updated asset objects reloaded= 0
AssetImportParameters requested are different than current active one (requested -> active):
  custom:container-demuxer-ogg: 62fdf1f143b41e24485cea50d1cbac27 -> 
  custom:video-decoder-ogg-theora: a1e56fd34408186e4bbccfd4996cb3dc -> 
  custom:framework-win-MediaFoundation: 216162199b28c13a410421893ffa2e32 -> 
  custom:CustomObjectIndexerAttribute: 9a22284fe3817be447336de3de66b15e -> 
  custom:container-demuxer-webm: 4f35f7cbe854078d1ac9338744f61a02 -> 
  custom:container-muxer-webm: aa71ff27fc2769a1b78a27578f13a17b -> 
  custom:video-decoder-webm-vp8: 9c59270c3fd7afecdb556c50c9e8de78 -> 
  custom:SearchIndexIgnoredProperties: e643bd26f0fe6173181afceb89e7c659 -> 
  custom:AudioImporter_EditorPlatform: d09bf68614088b80899f8185d706f6e7 -> 
  custom:video-encoder-webm-vp8: eb34c28f22e8b96e1ab97ce403110664 -> 
  custom:audio-decoder-ogg-vorbis: bf7c407c2cedff20999df2af8eb42d56 -> 
  custom:audio-encoder-webm-vorbis: bf7c407c2cedff20999df2af8eb42d56 -> 
========================================================================
Received Import Request.
  Time since last request: 67.132657 seconds.
  path: Assets/Scenes/SampleScene.unity
  artifactKey: Guid(9fc0d4010bbf28b4594072e72b8655ab) Importer(815301076,1909f56bfc062723c751e8b465ee728b)
Start importing Assets/Scenes/SampleScene.unity using Guid(9fc0d4010bbf28b4594072e72b8655ab) Importer(815301076,1909f56bfc062723c751e8b465ee728b)  -> (artifact id: '207c158b6dfb64d9105f1caa09f77b6c') in 0.002855 seconds
Number of updated asset objects reloaded before import = 0
Number of asset objects unloaded after import = 0
